This file contains any messages produced by compilers while
running configure, to aid debugging if configure makes a mistake.

It was created by i3blocks configure 1.5, which was
generated by GNU Autoconf 2.71.  Invocation command line was

  $ ./configure

## --------- ##
## Platform. ##
## --------- ##

hostname = arch
uname -m = x86_64
uname -r = 7.0.11-arch1-1
uname -s = Linux
uname -v = #1 SMP PREEMPT_DYNAMIC Tue, 02 Jun 2026 18:26:58 +0000

/usr/bin/uname -p = unknown
/bin/uname -X     = unknown

/bin/arch              = unknown
/usr/bin/arch -k       = unknown
/usr/convex/getsysinfo = unknown
/usr/bin/hostinfo      = unknown
/bin/machine           = unknown
/usr/bin/oslevel       = unknown
/bin/universe          = unknown

PATH: /home/xor/installedApps/bin/
PATH: /home/xor/.scripts/
PATH: /home/xor/.bun/bin/
PATH: /home/xor/.local/bin/
PATH: /home/xor/.local/go/bin/
PATH: /home/xor/installedApps/bin/
PATH: /home/xor/.scripts/
PATH: /home/xor/.bun/bin/
PATH: /home/xor/.local/bin/
PATH: /home/xor/.local/go/bin/
PATH: /home/xor/.cargo/bin/
PATH: /usr/local/sbin/
PATH: /usr/local/bin/
PATH: /usr/bin/
PATH: /usr/lib/jvm/default/bin/
PATH: /usr/bin/site_perl/
PATH: /usr/bin/vendor_perl/
PATH: /usr/bin/core_perl/


## ----------- ##
## Core tests. ##
## ----------- ##

configure:2116: looking for aux files: compile missing install-sh
configure:2129:  trying ./build-aux/
configure:2158:   ./build-aux/compile found
configure:2158:   ./build-aux/missing found
configure:2140:   ./build-aux/install-sh found
configure:2288: checking for a BSD-compatible install
configure:2361: result: /usr/bin/install -c
configure:2372: checking whether build environment is sane
configure:2427: result: yes
configure:2586: checking for a race-free mkdir -p
configure:2630: result: /usr/bin/mkdir -p
configure:2637: checking for gawk
configure:2658: found /usr/bin/gawk
configure:2669: result: gawk
configure:2680: checking whether make sets $(MAKE)
configure:2703: result: yes
configure:2733: checking whether make supports nested variables
configure:2751: result: yes
configure:2949: checking for gcc
configure:2970: found /usr/bin/gcc
configure:2981: result: gcc
configure:3334: checking for C compiler version
configure:3343: gcc --version >&5
gcc (GCC) 16.1.1 20260430
Copyright (C) 2026 Free Software Foundation, Inc.
This is free software; see the source for copying conditions.  There is NO
warranty; not even for MERCHANTABILITY or FITNESS FOR A PARTICULAR PURPOSE.

configure:3354: $? = 0
configure:3343: gcc -v >&5
Using built-in specs.
COLLECT_GCC=gcc
COLLECT_LTO_WRAPPER=/usr/lib/gcc/x86_64-pc-linux-gnu/16.1.1/lto-wrapper
Target: x86_64-pc-linux-gnu
Configured with: /build/gcc/src/gcc/configure --enable-languages=ada,c,c++,d,fortran,go,lto,m2,objc,obj-c++,rust,cobol --enable-bootstrap --prefix=/usr --libdir=/usr/lib --libexecdir=/usr/lib --mandir=/usr/share/man --infodir=/usr/share/info --with-bugurl=https://gitlab.archlinux.org/archlinux/packaging/packages/gcc/-/issues --with-build-config=bootstrap-lto --with-linker-hash-style=gnu --with-system-zlib --enable-cet=auto --enable-checking=release --enable-clocale=gnu --enable-default-pie --enable-default-ssp --enable-gnu-indirect-function --enable-gnu-unique-object --enable-libstdcxx-backtrace --enable-link-serialization=1 --enable-linker-build-id --enable-lto --enable-multilib --enable-plugin --enable-shared --enable-threads=posix --disable-libssp --disable-libstdcxx-pch --disable-werror --disable-fixincludes
Thread model: posix
Supported LTO compression algorithms: zlib zstd
gcc version 16.1.1 20260430 (GCC) 
configure:3354: $? = 0
configure:3343: gcc -V >&5
gcc: error: unrecognized command-line option '-V'
gcc: fatal error: no input files
compilation terminated.
configure:3354: $? = 1
configure:3343: gcc -qversion >&5
gcc: error: unrecognized command-line option '-qversion'; did you mean '--version'?
gcc: fatal error: no input files
compilation terminated.
configure:3354: $? = 1
configure:3343: gcc -version >&5
gcc: error: unrecognized command-line option '-version'
gcc: fatal error: no input files
compilation terminated.
configure:3354: $? = 1
configure:3374: checking whether the C compiler works
configure:3396: gcc    conftest.c  >&5
configure:3400: $? = 0
configure:3450: result: yes
configure:3453: checking for C compiler default output file name
configure:3455: result: a.out
configure:3461: checking for suffix of executables
configure:3468: gcc -o conftest    conftest.c  >&5
configure:3472: $? = 0
configure:3495: result: 
configure:3517: checking whether we are cross compiling
configure:3525: gcc -o conftest    conftest.c  >&5
configure:3529: $? = 0
configure:3536: ./conftest
configure:3540: $? = 0
configure:3555: result: no
configure:3560: checking for suffix of object files
configure:3583: gcc -c   conftest.c >&5
configure:3587: $? = 0
configure:3609: result: o
configure:3613: checking whether the compiler supports GNU C
configure:3633: gcc -c   conftest.c >&5
configure:3633: $? = 0
configure:3643: result: yes
configure:3654: checking whether gcc accepts -g
configure:3675: gcc -c -g  conftest.c >&5
configure:3675: $? = 0
configure:3719: result: yes
configure:3739: checking for gcc option to enable C11 features
configure:3754: gcc  -c -g -O2  conftest.c >&5
conftest.c: In function 'e':
conftest.c:25:14: warning: old-style function definition [-Wold-style-definition]
   25 | static char *e (p, i)
      |              ^
configure:3754: $? = 0
configure:3772: result: none needed
configure:3888: checking whether gcc understands -c and -o together
configure:3911: gcc -c conftest.c -o conftest2.o
configure:3914: $? = 0
configure:3911: gcc -c conftest.c -o conftest2.o
configure:3914: $? = 0
configure:3926: result: yes
configure:3946: checking whether make supports the include directive
configure:3961: make -f confmf.GNU && cat confinc.out
this is the am__doit target
configure:3964: $? = 0
configure:3983: result: yes (GNU style)
configure:4009: checking dependency style of gcc
configure:4121: result: gcc3
configure:4197: checking for pkg-config
configure:4220: found /usr/bin/pkg-config
configure:4232: result: /usr/bin/pkg-config
configure:4257: checking pkg-config is at least version 0.9.0
configure:4260: result: yes
configure:4270: checking for bash-completion >= 2.0
configure:4277: $PKG_CONFIG --exists --print-errors "bash-completion >= 2.0"
Package bash-completion was not found in the pkg-config search path.
Perhaps you should add the directory containing `bash-completion.pc'
to the PKG_CONFIG_PATH environment variable
Package 'bash-completion' not found
configure:4280: $? = 1
configure:4294: $PKG_CONFIG --exists --print-errors "bash-completion >= 2.0"
Package bash-completion was not found in the pkg-config search path.
Perhaps you should add the directory containing `bash-completion.pc'
to the PKG_CONFIG_PATH environment variable
Package 'bash-completion' not found
configure:4297: $? = 1
configure:4311: result: no
Package 'bash-completion' not found
configure:4461: checking that generated files are newer than configure
configure:4467: result: done
configure:4494: creating ./config.status

## ---------------------- ##
## Running config.status. ##
## ---------------------- ##

This file was extended by i3blocks config.status 1.5, which was
generated by GNU Autoconf 2.71.  Invocation command line was

  CONFIG_FILES    = 
  CONFIG_HEADERS  = 
  CONFIG_LINKS    = 
  CONFIG_COMMANDS = 
  $ ./config.status 

on arch

config.status:844: creating Makefile
config.status:844: creating i3blocks-config.h
config.status:1025: i3blocks-config.h is unchanged
config.status:1073: executing depfiles commands
config.status:1148: cd .       && sed -e '/# am--include-marker/d' Makefile         | make -f - am--depfiles
config.status:1155: $? = 0

## ---------------- ##
## Cache variables. ##
## ---------------- ##

ac_cv_c_compiler_gnu=yes
ac_cv_env_BASH_COMPLETION_CFLAGS_set=
ac_cv_env_BASH_COMPLETION_CFLAGS_value=
ac_cv_env_BASH_COMPLETION_LIBS_set=
ac_cv_env_BASH_COMPLETION_LIBS_value=
ac_cv_env_CC_set=
ac_cv_env_CC_value=
ac_cv_env_CFLAGS_set=
ac_cv_env_CFLAGS_value=
ac_cv_env_CPPFLAGS_set=
ac_cv_env_CPPFLAGS_value=
ac_cv_env_LDFLAGS_set=
ac_cv_env_LDFLAGS_value=
ac_cv_env_LIBS_set=
ac_cv_env_LIBS_value=
ac_cv_env_PKG_CONFIG_LIBDIR_set=
ac_cv_env_PKG_CONFIG_LIBDIR_value=
ac_cv_env_PKG_CONFIG_PATH_set=
ac_cv_env_PKG_CONFIG_PATH_value=
ac_cv_env_PKG_CONFIG_set=
ac_cv_env_PKG_CONFIG_value=
ac_cv_env_build_alias_set=
ac_cv_env_build_alias_value=
ac_cv_env_host_alias_set=
ac_cv_env_host_alias_value=
ac_cv_env_target_alias_set=
ac_cv_env_target_alias_value=
ac_cv_objext=o
ac_cv_path_ac_pt_PKG_CONFIG=/usr/bin/pkg-config
ac_cv_path_install='/usr/bin/install -c'
ac_cv_path_mkdir=/usr/bin/mkdir
ac_cv_prog_AWK=gawk
ac_cv_prog_ac_ct_CC=gcc
ac_cv_prog_cc_c11=
ac_cv_prog_cc_g=yes
ac_cv_prog_cc_stdc=
ac_cv_prog_make_make_set=yes
am_cv_CC_dependencies_compiler_type=gcc3
am_cv_make_support_nested_variables=yes
am_cv_prog_cc_c_o=yes

## ----------------- ##
## Output variables. ##
## ----------------- ##

ACLOCAL='${SHELL} '\''/home/xor/.dotfiles/i3blocks/.config/i3blocks/build-aux/missing'\'' aclocal-1.16'
AMDEPBACKSLASH='\'
AMDEP_FALSE='#'
AMDEP_TRUE=''
AMTAR='$${TAR-tar}'
AM_BACKSLASH='\'
AM_DEFAULT_V='$(AM_DEFAULT_VERBOSITY)'
AM_DEFAULT_VERBOSITY='1'
AM_V='$(V)'
AUTOCONF='${SHELL} '\''/home/xor/.dotfiles/i3blocks/.config/i3blocks/build-aux/missing'\'' autoconf'
AUTOHEADER='${SHELL} '\''/home/xor/.dotfiles/i3blocks/.config/i3blocks/build-aux/missing'\'' autoheader'
AUTOMAKE='${SHELL} '\''/home/xor/.dotfiles/i3blocks/.config/i3blocks/build-aux/missing'\'' automake-1.16'
AWK='gawk'
BASH_COMPLETION_CFLAGS=''
BASH_COMPLETION_DIR='${datarootdir}/bash-completion/completions'
BASH_COMPLETION_LIBS=''
CC='gcc'
CCDEPMODE='depmode=gcc3'
CFLAGS='-g -O2'
CPPFLAGS=''
CSCOPE='cscope'
CTAGS='ctags'
CYGPATH_W='echo'
DEFS='-DHAVE_CONFIG_H'
DEPDIR='.deps'
ECHO_C=''
ECHO_N='-n'
ECHO_T=''
ENABLE_BASH_COMPLETION_FALSE='#'
ENABLE_BASH_COMPLETION_TRUE=''
ETAGS='etags'
EXEEXT=''
INSTALL_DATA='${INSTALL} -m 644'
INSTALL_PROGRAM='${INSTALL}'
INSTALL_SCRIPT='${INSTALL}'
INSTALL_STRIP_PROGRAM='$(install_sh) -c -s'
LDFLAGS=''
LIBOBJS=''
LIBS=''
LTLIBOBJS=''
MAKEINFO='${SHELL} '\''/home/xor/.dotfiles/i3blocks/.config/i3blocks/build-aux/missing'\'' makeinfo'
MKDIR_P='/usr/bin/mkdir -p'
OBJEXT='o'
PACKAGE='i3blocks'
PACKAGE_BUGREPORT=''
PACKAGE_NAME='i3blocks'
PACKAGE_STRING='i3blocks 1.5'
PACKAGE_TARNAME='i3blocks'
PACKAGE_URL=''
PACKAGE_VERSION='1.5'
PATH_SEPARATOR=':'
PKG_CONFIG='/usr/bin/pkg-config'
PKG_CONFIG_LIBDIR=''
PKG_CONFIG_PATH=''
SET_MAKE=''
SHELL='/bin/sh'
STRIP=''
VERSION='1.5'
ac_ct_CC='gcc'
am__EXEEXT_FALSE=''
am__EXEEXT_TRUE='#'
am__fastdepCC_FALSE='#'
am__fastdepCC_TRUE=''
am__include='include'
am__isrc=''
am__leading_dot='.'
am__nodep='_no'
am__quote=''
am__tar='$${TAR-tar} chof - "$$tardir"'
am__untar='$${TAR-tar} xf -'
bindir='${exec_prefix}/bin'
build_alias=''
datadir='${datarootdir}'
datarootdir='${prefix}/share'
docdir='${datarootdir}/doc/${PACKAGE_TARNAME}'
dvidir='${docdir}'
exec_prefix='${prefix}'
host_alias=''
htmldir='${docdir}'
includedir='${prefix}/include'
infodir='${datarootdir}/info'
install_sh='${SHELL} /home/xor/.dotfiles/i3blocks/.config/i3blocks/build-aux/install-sh'
libdir='${exec_prefix}/lib'
libexecdir='${exec_prefix}/libexec'
localedir='${datarootdir}/locale'
localstatedir='${prefix}/var'
mandir='${datarootdir}/man'
mkdir_p='$(MKDIR_P)'
oldincludedir='/usr/include'
pdfdir='${docdir}'
prefix='/usr/local'
program_transform_name='s,x,x,'
psdir='${docdir}'
runstatedir='${localstatedir}/run'
sbindir='${exec_prefix}/sbin'
sharedstatedir='${prefix}/com'
sysconfdir='${prefix}/etc'
target_alias=''

## ----------- ##
## confdefs.h. ##
## ----------- ##

/* confdefs.h */
#define PACKAGE_NAME "i3blocks"
#define PACKAGE_TARNAME "i3blocks"
#define PACKAGE_VERSION "1.5"
#define PACKAGE_STRING "i3blocks 1.5"
#define PACKAGE_BUGREPORT ""
#define PACKAGE_URL ""
#define PACKAGE "i3blocks"
#define VERSION "1.5"

configure: exit 0
