Scid vs. PC <--> Engine communication log file (engine 0)
Engine: Toga
Command: fruit
Arguments:  
Directory: /home/xor/.scidvspc
Date: 18 Feb 2026

Note: First line from engine seen; sending it initial commands now.
Scid  : uci
Engine: Toga II 1.3.1 UCI based on Fruit 2.1 by Thomas Gaksch and Fabien Letouzey. Settings by Dieter Eberle
Engine: id name Toga II 1.3.1
Engine: id author Thomas Gaksch and Fabien Letouzey
Engine: option name Hash type spin default 16 min 4 max 1024
Engine: option name Search Time type spin default 0 min 0 max 3600
Engine: option name Search Depth type spin default 0 min 0 max 20
Engine: option name Ponder type check default false
Engine: option name OwnBook type check default true
Engine: option name BookFile type string default performance.bin
Engine: option name MultiPV type spin default 1 min 1 max 10
Engine: option name NullMove Pruning type combo default Always var Always var Fail High var Never
Engine: option name NullMove Reduction type spin default 3 min 1 max 4
Engine: option name Verification Search type combo default Always var Always var Endgame var Never
Engine: option name Verification Reduction type spin default 5 min 1 max 6
Engine: option name History Pruning type check default true
Engine: option name History Threshold type spin default 70 min 0 max 100
Engine: option name Futility Pruning type check default true
Engine: option name Futility Margin type spin default 100 min 0 max 500
Engine: option name Extended Futility Margin type spin default 300 min 0 max 900
Engine: option name Delta Pruning type check default true
Engine: option name Delta Margin type spin default 50 min 0 max 500
Engine: option name Quiescence Check Plies type spin default 1 min 0 max 2
Engine: option name Material type spin default 100 min 0 max 400
Engine: option name Piece Activity type spin default 100 min 0 max 400
Engine: option name King Safety type spin default 100 min 0 max 400
Engine: option name Pawn Structure type spin default 100 min 0 max 400
Engine: option name Passed Pawns type spin default 100 min 0 max 400
Engine: option name Toga Lazy Eval type check default true
Engine: option name Toga Lazy Eval Margin type spin default 200 min 0 max 900
Engine: option name Toga King Safety type check default false
Engine: option name Toga King Safety Margin type spin default 1700 min 500 max 3000
Engine: option name Toga Extended History Pruning type check default false
Engine: uciok
Scid  : isready
Engine: readyok
Scid  : position fen 8/8/7p/7P/5q2/1k6/4r3/6K1 b - - 0 1
Scid  : go infinite
Engine: info depth 1
Engine: info multipv 1 depth 1 seldepth 10 score mate 4 time 5 nodes 1345 pv e2e1 g1g2 f4g4 g2f2 e1e2 f2f1 g4g2
Engine: info multipv 1 depth 1 seldepth 10 score mate 1 time 6 nodes 1783 pv f4c1
Engine: info depth 1 seldepth 10 time 7 nodes 1943 nps 0
Engine: info depth 2
Engine: info multipv 1 depth 2 seldepth 10 score mate 1 time 7 nodes 1945 pv f4c1
Engine: info depth 2 seldepth 10 time 7 nodes 1990 nps 0
Engine: info depth 3
Engine: info multipv 1 depth 3 seldepth 10 score mate 1 time 7 nodes 1994 pv f4c1
Engine: info depth 3 seldepth 10 time 7 nodes 2039 nps 0
Engine: info depth 4
Engine: info multipv 1 depth 4 seldepth 10 score mate 1 time 7 nodes 2043 pv f4c1
Engine: info depth 4 seldepth 10 time 7 nodes 2088 nps 0
Engine: info depth 5
Engine: info multipv 1 depth 5 seldepth 10 score mate 1 time 7 nodes 2092 pv f4c1
Engine: info depth 5 seldepth 10 time 8 nodes 2137 nps 0
Engine: info depth 6
Engine: info multipv 1 depth 6 seldepth 10 score mate 1 time 8 nodes 2145 pv f4c1
Engine: info depth 6 seldepth 10 time 8 nodes 2190 nps 0
Engine: info depth 7
Engine: info multipv 1 depth 7 seldepth 10 score mate 1 time 8 nodes 2198 pv f4c1
Engine: info depth 7 seldepth 10 time 8 nodes 2243 nps 0
Engine: info depth 8
Engine: info multipv 1 depth 8 seldepth 10 score mate 1 time 8 nodes 2251 pv f4c1
Engine: info depth 8 seldepth 10 time 8 nodes 2296 nps 0
Engine: info depth 9
Engine: info multipv 1 depth 9 seldepth 10 score mate 1 time 8 nodes 2304 pv f4c1
Engine: info depth 9 seldepth 10 time 8 nodes 2349 nps 0
Engine: info depth 10
Engine: info multipv 1 depth 10 seldepth 10 score mate 1 time 8 nodes 2357 pv f4c1
Engine: info depth 10 seldepth 10 time 9 nodes 2402 nps 0
Engine: info depth 11
Engine: info multipv 1 depth 11 seldepth 10 score mate 1 time 9 nodes 2410 pv f4c1
Engine: info depth 11 seldepth 10 time 9 nodes 2455 nps 0
Engine: info depth 12
Engine: info multipv 1 depth 12 seldepth 10 score mate 1 time 9 nodes 2471 pv f4c1
Engine: info depth 12 seldepth 10 time 9 nodes 2516 nps 0
Engine: info depth 13
Engine: info multipv 1 depth 13 seldepth 10 score mate 1 time 9 nodes 2532 pv f4c1
Engine: info depth 13 seldepth 10 time 9 nodes 2577 nps 0
Engine: info depth 14
Engine: info multipv 1 depth 14 seldepth 10 score mate 1 time 9 nodes 2593 pv f4c1
Engine: info depth 14 seldepth 10 time 10 nodes 2638 nps 0
Engine: info depth 15
Engine: info multipv 1 depth 15 seldepth 10 score mate 1 time 10 nodes 2654 pv f4c1
Engine: info depth 15 seldepth 10 time 10 nodes 2699 nps 0
Engine: info depth 16
Engine: info multipv 1 depth 16 seldepth 10 score mate 1 time 10 nodes 2715 pv f4c1
Engine: info depth 16 seldepth 10 time 10 nodes 2760 nps 0
Engine: info depth 17
Engine: info multipv 1 depth 17 seldepth 10 score mate 1 time 10 nodes 2776 pv f4c1
Engine: info depth 17 seldepth 10 time 10 nodes 2821 nps 0
Engine: info depth 18
Engine: info multipv 1 depth 18 seldepth 10 score mate 1 time 10 nodes 2837 pv f4c1
Engine: info depth 18 seldepth 10 time 10 nodes 2882 nps 0
Engine: info depth 19
Engine: info multipv 1 depth 19 seldepth 10 score mate 1 time 10 nodes 2898 pv f4c1
Engine: info depth 19 seldepth 10 time 11 nodes 2943 nps 0
Engine: info depth 20
Engine: info multipv 1 depth 20 seldepth 10 score mate 1 time 11 nodes 2959 pv f4c1
Engine: info depth 20 seldepth 10 time 11 nodes 3004 nps 0
Engine: info depth 21
Engine: info multipv 1 depth 21 seldepth 10 score mate 1 time 11 nodes 3020 pv f4c1
Engine: info depth 21 seldepth 10 time 11 nodes 3065 nps 0
Engine: info depth 22
Engine: info multipv 1 depth 22 seldepth 10 score mate 1 time 11 nodes 3081 pv f4c1
Engine: info depth 22 seldepth 10 time 11 nodes 3126 nps 0
Engine: info depth 23
Engine: info multipv 1 depth 23 seldepth 10 score mate 1 time 11 nodes 3142 pv f4c1
Engine: info depth 23 seldepth 10 time 12 nodes 3187 nps 0
Engine: info depth 24
Engine: info multipv 1 depth 24 seldepth 10 score mate 1 time 12 nodes 3219 pv f4c1
Engine: info depth 24 seldepth 10 time 12 nodes 3264 nps 0
Engine: info depth 25
Engine: info multipv 1 depth 25 seldepth 10 score mate 1 time 12 nodes 3296 pv f4c1
Engine: info depth 25 seldepth 10 time 12 nodes 3341 nps 0
Engine: info depth 26
Engine: info multipv 1 depth 26 seldepth 10 score mate 1 time 12 nodes 3373 pv f4c1
Engine: info depth 26 seldepth 10 time 12 nodes 3418 nps 0
Engine: info depth 27
Engine: info multipv 1 depth 27 seldepth 10 score mate 1 time 12 nodes 3450 pv f4c1
Engine: info depth 27 seldepth 10 time 13 nodes 3495 nps 0
Engine: info depth 28
Engine: info multipv 1 depth 28 seldepth 10 score mate 1 time 13 nodes 3527 pv f4c1
Engine: info depth 28 seldepth 10 time 13 nodes 3572 nps 0
Engine: info depth 29
Engine: info multipv 1 depth 29 seldepth 10 score mate 1 time 13 nodes 3604 pv f4c1
Engine: info depth 29 seldepth 10 time 13 nodes 3649 nps 0
Engine: info depth 30
Engine: info multipv 1 depth 30 seldepth 10 score mate 1 time 13 nodes 3681 pv f4c1
Engine: info depth 30 seldepth 10 time 13 nodes 3726 nps 0
Engine: info depth 31
Engine: info multipv 1 depth 31 seldepth 10 score mate 1 time 13 nodes 3758 pv f4c1
Engine: info depth 31 seldepth 10 time 14 nodes 3803 nps 0
Engine: info depth 32
Engine: info multipv 1 depth 32 seldepth 10 score mate 1 time 14 nodes 3835 pv f4c1
Engine: info depth 32 seldepth 10 time 14 nodes 3880 nps 0
Engine: info depth 33
Engine: info multipv 1 depth 33 seldepth 10 score mate 1 time 14 nodes 3912 pv f4c1
Engine: info depth 33 seldepth 10 time 14 nodes 3957 nps 0
Engine: info depth 34
Engine: info multipv 1 depth 34 seldepth 10 score mate 1 time 14 nodes 3989 pv f4c1
Engine: info depth 34 seldepth 10 time 14 nodes 4034 nps 0
Engine: info depth 35
Engine: info multipv 1 depth 35 seldepth 10 score mate 1 time 14 nodes 4066 pv f4c1
Engine: info depth 35 seldepth 10 time 15 nodes 4111 nps 0
Engine: info depth 36
Engine: info multipv 1 depth 36 seldepth 10 score mate 1 time 15 nodes 4143 pv f4c1
Engine: info depth 36 seldepth 10 time 15 nodes 4188 nps 0
Engine: info depth 37
Engine: info multipv 1 depth 37 seldepth 10 score mate 1 time 15 nodes 4220 pv f4c1
Engine: info depth 37 seldepth 10 time 15 nodes 4265 nps 0
Engine: info depth 38
Engine: info multipv 1 depth 38 seldepth 10 score mate 1 time 15 nodes 4297 pv f4c1
Engine: info depth 38 seldepth 10 time 15 nodes 4342 nps 0
Engine: info depth 39
Engine: info multipv 1 depth 39 seldepth 10 score mate 1 time 15 nodes 4374 pv f4c1
Engine: info depth 39 seldepth 10 time 16 nodes 4419 nps 0
Engine: info depth 40
Engine: info multipv 1 depth 40 seldepth 10 score mate 1 time 16 nodes 4451 pv f4c1
Engine: info depth 40 seldepth 10 time 16 nodes 4496 nps 0
Engine: info depth 41
Engine: info multipv 1 depth 41 seldepth 10 score mate 1 time 16 nodes 4528 pv f4c1
Engine: info depth 41 seldepth 10 time 16 nodes 4573 nps 0
Engine: info depth 42
Engine: info multipv 1 depth 42 seldepth 10 score mate 1 time 16 nodes 4605 pv f4c1
Engine: info depth 42 seldepth 10 time 16 nodes 4650 nps 0
Engine: info depth 43
Engine: info multipv 1 depth 43 seldepth 10 score mate 1 time 16 nodes 4682 pv f4c1
Engine: info depth 43 seldepth 10 time 17 nodes 4727 nps 0
Engine: info depth 44
Engine: info multipv 1 depth 44 seldepth 10 score mate 1 time 17 nodes 4759 pv f4c1
Engine: info depth 44 seldepth 10 time 17 nodes 4804 nps 0
Engine: info depth 45
Engine: info multipv 1 depth 45 seldepth 10 score mate 1 time 17 nodes 4836 pv f4c1
Engine: info depth 45 seldepth 10 time 17 nodes 4881 nps 0
Engine: info depth 46
Engine: info multipv 1 depth 46 seldepth 10 score mate 1 time 17 nodes 4913 pv f4c1
Engine: info depth 46 seldepth 10 time 17 nodes 4958 nps 0
Engine: info depth 47
Engine: info multipv 1 depth 47 seldepth 10 score mate 1 time 18 nodes 4990 pv f4c1
Engine: info depth 47 seldepth 10 time 18 nodes 5035 nps 0
Engine: info depth 48
Engine: info multipv 1 depth 48 seldepth 10 score mate 1 time 18 nodes 5099 pv f4c1
Engine: info depth 48 seldepth 10 time 18 nodes 5144 nps 0
Engine: info depth 49
Engine: info multipv 1 depth 49 seldepth 10 score mate 1 time 18 nodes 5208 pv f4c1
Engine: info depth 49 seldepth 10 time 18 nodes 5253 nps 0
Engine: info depth 50
Engine: info multipv 1 depth 50 seldepth 10 score mate 1 time 18 nodes 5317 pv f4c1
Engine: info depth 50 seldepth 10 time 19 nodes 5362 nps 0
Engine: info depth 51
Engine: info multipv 1 depth 51 seldepth 10 score mate 1 time 19 nodes 5426 pv f4c1
Engine: info depth 51 seldepth 10 time 19 nodes 5471 nps 0
Engine: info depth 52
Engine: info multipv 1 depth 52 seldepth 10 score mate 1 time 19 nodes 5535 pv f4c1
Engine: info depth 52 seldepth 10 time 19 nodes 5580 nps 0
Engine: info depth 53
Engine: info multipv 1 depth 53 seldepth 10 score mate 1 time 19 nodes 5644 pv f4c1
Engine: info depth 53 seldepth 10 time 19 nodes 5689 nps 0
Engine: info depth 54
Engine: info multipv 1 depth 54 seldepth 10 score mate 1 time 19 nodes 5753 pv f4c1
Engine: info depth 54 seldepth 10 time 20 nodes 5798 nps 0
Engine: info depth 55
Engine: info multipv 1 depth 55 seldepth 10 score mate 1 time 20 nodes 5862 pv f4c1
Engine: info depth 55 seldepth 10 time 20 nodes 5907 nps 0
Engine: info depth 56
Engine: info multipv 1 depth 56 seldepth 10 score mate 1 time 20 nodes 5971 pv f4c1
Engine: info depth 56 seldepth 10 time 20 nodes 6016 nps 0
Engine: info depth 57
Engine: info multipv 1 depth 57 seldepth 10 score mate 1 time 20 nodes 6080 pv f4c1
Engine: info depth 57 seldepth 10 time 21 nodes 6125 nps 0
Engine: info depth 58
Engine: info multipv 1 depth 58 seldepth 10 score mate 1 time 21 nodes 6189 pv f4c1
Engine: info depth 58 seldepth 10 time 21 nodes 6234 nps 0
Engine: info depth 59
Engine: info multipv 1 depth 59 seldepth 10 score mate 1 time 21 nodes 6298 pv f4c1
Engine: info depth 59 seldepth 10 time 21 nodes 6343 nps 0
Engine: info depth 60
Engine: info multipv 1 depth 60 seldepth 10 score mate 1 time 21 nodes 6407 pv f4c1
Engine: info depth 60 seldepth 10 time 21 nodes 6452 nps 0
Engine: info depth 61
Engine: info multipv 1 depth 61 seldepth 10 score mate 1 time 21 nodes 6516 pv f4c1
Engine: info depth 61 seldepth 10 time 22 nodes 6561 nps 0
Engine: info depth 62
Engine: info multipv 1 depth 62 seldepth 10 score mate 1 time 22 nodes 6625 pv f4c1
Engine: info depth 62 seldepth 10 time 22 nodes 6670 nps 0
Engine: info depth 63
Engine: info multipv 1 depth 63 seldepth 10 score mate 1 time 22 nodes 6734 pv f4c1
Engine: info depth 63 seldepth 10 time 22 nodes 6779 nps 0
Scid  : stop
Engine: info time 22 nodes 6779 nps 0 cpuload 575
Engine: info hashfull 0
Engine: bestmove f4c1
Scid  : isready
Engine: readyok
Scid  : position fen 1Q6/8/8/P7/k5K1/3Q2P1/8/8 w - - 0 1
Scid  : go infinite
Engine: info depth 1
Engine: info multipv 1 depth 1 seldepth 3 score cp 2220 upperbound time 1 nodes 5 pv d3b1
Engine: info multipv 1 depth 1 seldepth 3 score mate 2 time 1 nodes 11 pv d3d1 a4a5 d1a1
Engine: info multipv 1 depth 1 seldepth 10 score mate 1 time 14 nodes 4990 pv b8b5
Engine: info depth 1 seldepth 10 time 15 nodes 5250 nps 0
Engine: info depth 2
Engine: info multipv 1 depth 2 seldepth 10 score mate 1 time 15 nodes 5252 pv b8b5
Engine: info depth 2 seldepth 10 time 15 nodes 5301 nps 0
Engine: info depth 3
Engine: info multipv 1 depth 3 seldepth 10 score mate 1 time 15 nodes 5305 pv b8b5
Engine: info depth 3 seldepth 10 time 16 nodes 5354 nps 0
Engine: info depth 4
Engine: info multipv 1 depth 4 seldepth 10 score mate 1 time 16 nodes 5358 pv b8b5
Engine: info depth 4 seldepth 10 time 16 nodes 5407 nps 0
Engine: info depth 5
Engine: info multipv 1 depth 5 seldepth 10 score mate 1 time 16 nodes 5411 pv b8b5
Engine: info depth 5 seldepth 10 time 16 nodes 5460 nps 0
Engine: info depth 6
Engine: info multipv 1 depth 6 seldepth 10 score mate 1 time 16 nodes 5468 pv b8b5
Engine: info depth 6 seldepth 10 time 16 nodes 5517 nps 0
Engine: info depth 7
Engine: info multipv 1 depth 7 seldepth 10 score mate 1 time 17 nodes 5525 pv b8b5
Engine: info depth 7 seldepth 10 time 17 nodes 5574 nps 0
Engine: info depth 8
Engine: info multipv 1 depth 8 seldepth 10 score mate 1 time 17 nodes 5582 pv b8b5
Engine: info depth 8 seldepth 10 time 17 nodes 5631 nps 0
Engine: info depth 9
Engine: info multipv 1 depth 9 seldepth 10 score mate 1 time 17 nodes 5639 pv b8b5
Engine: info depth 9 seldepth 10 time 17 nodes 5688 nps 0
Engine: info depth 10
Engine: info multipv 1 depth 10 seldepth 10 score mate 1 time 17 nodes 5696 pv b8b5
Engine: info depth 10 seldepth 10 time 18 nodes 5745 nps 0
Engine: info depth 11
Engine: info multipv 1 depth 11 seldepth 10 score mate 1 time 18 nodes 5753 pv b8b5
Engine: info depth 11 seldepth 10 time 18 nodes 5802 nps 0
Engine: info depth 12
Engine: info multipv 1 depth 12 seldepth 10 score mate 1 time 18 nodes 5818 pv b8b5
Engine: info depth 12 seldepth 10 time 18 nodes 5867 nps 0
Engine: info depth 13
Engine: info multipv 1 depth 13 seldepth 10 score mate 1 time 18 nodes 5883 pv b8b5
Engine: info depth 13 seldepth 10 time 19 nodes 5932 nps 0
Engine: info depth 14
Engine: info multipv 1 depth 14 seldepth 10 score mate 1 time 19 nodes 5948 pv b8b5
Engine: info depth 14 seldepth 10 time 19 nodes 5997 nps 0
Engine: info depth 15
Engine: info multipv 1 depth 15 seldepth 10 score mate 1 time 19 nodes 6013 pv b8b5
Engine: info depth 15 seldepth 10 time 19 nodes 6062 nps 0
Engine: info depth 16
Engine: info multipv 1 depth 16 seldepth 10 score mate 1 time 19 nodes 6078 pv b8b5
Engine: info depth 16 seldepth 10 time 20 nodes 6127 nps 0
Engine: info depth 17
Engine: info multipv 1 depth 17 seldepth 10 score mate 1 time 20 nodes 6143 pv b8b5
Engine: info depth 17 seldepth 10 time 20 nodes 6192 nps 0
Engine: info depth 18
Engine: info multipv 1 depth 18 seldepth 10 score mate 1 time 20 nodes 6208 pv b8b5
Engine: info depth 18 seldepth 10 time 20 nodes 6257 nps 0
Engine: info depth 19
Engine: info multipv 1 depth 19 seldepth 10 score mate 1 time 20 nodes 6273 pv b8b5
Engine: info depth 19 seldepth 10 time 20 nodes 6322 nps 0
Engine: info depth 20
Engine: info multipv 1 depth 20 seldepth 10 score mate 1 time 20 nodes 6338 pv b8b5
Engine: info depth 20 seldepth 10 time 21 nodes 6387 nps 0
Engine: info depth 21
Engine: info multipv 1 depth 21 seldepth 10 score mate 1 time 21 nodes 6403 pv b8b5
Engine: info depth 21 seldepth 10 time 21 nodes 6452 nps 0
Engine: info depth 22
Engine: info multipv 1 depth 22 seldepth 10 score mate 1 time 21 nodes 6468 pv b8b5
Engine: info depth 22 seldepth 10 time 21 nodes 6517 nps 0
Engine: info depth 23
Engine: info multipv 1 depth 23 seldepth 10 score mate 1 time 21 nodes 6533 pv b8b5
Engine: info depth 23 seldepth 10 time 22 nodes 6582 nps 0
Engine: info depth 24
Engine: info multipv 1 depth 24 seldepth 10 score mate 1 time 22 nodes 6614 pv b8b5
Engine: info depth 24 seldepth 10 time 22 nodes 6663 nps 0
Engine: info depth 25
Engine: info multipv 1 depth 25 seldepth 10 score mate 1 time 22 nodes 6695 pv b8b5
Engine: info depth 25 seldepth 10 time 22 nodes 6744 nps 0
Engine: info depth 26
Engine: info multipv 1 depth 26 seldepth 10 score mate 1 time 22 nodes 6776 pv b8b5
Engine: info depth 26 seldepth 10 time 23 nodes 6825 nps 0
Engine: info depth 27
Engine: info multipv 1 depth 27 seldepth 10 score mate 1 time 23 nodes 6857 pv b8b5
Engine: info depth 27 seldepth 10 time 23 nodes 6906 nps 0
Engine: info depth 28
Engine: info multipv 1 depth 28 seldepth 10 score mate 1 time 23 nodes 6938 pv b8b5
Engine: info depth 28 seldepth 10 time 23 nodes 6987 nps 0
Engine: info depth 29
Engine: info multipv 1 depth 29 seldepth 10 score mate 1 time 23 nodes 7019 pv b8b5
Engine: info depth 29 seldepth 10 time 24 nodes 7068 nps 0
Engine: info depth 30
Engine: info multipv 1 depth 30 seldepth 10 score mate 1 time 24 nodes 7100 pv b8b5
Engine: info depth 30 seldepth 10 time 24 nodes 7149 nps 0
Engine: info depth 31
Engine: info multipv 1 depth 31 seldepth 10 score mate 1 time 24 nodes 7181 pv b8b5
Engine: info depth 31 seldepth 10 time 24 nodes 7230 nps 0
Engine: info depth 32
Engine: info multipv 1 depth 32 seldepth 10 score mate 1 time 24 nodes 7262 pv b8b5
Engine: info depth 32 seldepth 10 time 25 nodes 7311 nps 0
Engine: info depth 33
Engine: info multipv 1 depth 33 seldepth 10 score mate 1 time 25 nodes 7343 pv b8b5
Engine: info depth 33 seldepth 10 time 25 nodes 7392 nps 0
Engine: info depth 34
Engine: info multipv 1 depth 34 seldepth 10 score mate 1 time 25 nodes 7424 pv b8b5
Engine: info depth 34 seldepth 10 time 25 nodes 7473 nps 0
Engine: info depth 35
Engine: info multipv 1 depth 35 seldepth 10 score mate 1 time 25 nodes 7505 pv b8b5
Engine: info depth 35 seldepth 10 time 26 nodes 7554 nps 0
Engine: info depth 36
Engine: info multipv 1 depth 36 seldepth 10 score mate 1 time 26 nodes 7586 pv b8b5
Engine: info depth 36 seldepth 10 time 26 nodes 7635 nps 0
Engine: info depth 37
Engine: info multipv 1 depth 37 seldepth 10 score mate 1 time 26 nodes 7667 pv b8b5
Engine: info depth 37 seldepth 10 time 26 nodes 7716 nps 0
Engine: info depth 38
Engine: info multipv 1 depth 38 seldepth 10 score mate 1 time 26 nodes 7748 pv b8b5
Engine: info depth 38 seldepth 10 time 27 nodes 7797 nps 0
Engine: info depth 39
Engine: info multipv 1 depth 39 seldepth 10 score mate 1 time 27 nodes 7829 pv b8b5
Engine: info depth 39 seldepth 10 time 27 nodes 7878 nps 0
Engine: info depth 40
Engine: info multipv 1 depth 40 seldepth 10 score mate 1 time 27 nodes 7910 pv b8b5
Engine: info depth 40 seldepth 10 time 27 nodes 7959 nps 0
Engine: info depth 41
Engine: info multipv 1 depth 41 seldepth 10 score mate 1 time 27 nodes 7991 pv b8b5
Engine: info depth 41 seldepth 10 time 27 nodes 8040 nps 0
Engine: info depth 42
Engine: info multipv 1 depth 42 seldepth 10 score mate 1 time 27 nodes 8072 pv b8b5
Engine: info depth 42 seldepth 10 time 28 nodes 8121 nps 0
Engine: info depth 43
Engine: info multipv 1 depth 43 seldepth 10 score mate 1 time 28 nodes 8153 pv b8b5
Engine: info depth 43 seldepth 10 time 28 nodes 8202 nps 0
Engine: info depth 44
Engine: info multipv 1 depth 44 seldepth 10 score mate 1 time 28 nodes 8234 pv b8b5
Engine: info depth 44 seldepth 10 time 28 nodes 8283 nps 0
Engine: info depth 45
Engine: info multipv 1 depth 45 seldepth 10 score mate 1 time 28 nodes 8315 pv b8b5
Engine: info depth 45 seldepth 10 time 29 nodes 8364 nps 0
Engine: info depth 46
Engine: info multipv 1 depth 46 seldepth 10 score mate 1 time 29 nodes 8396 pv b8b5
Engine: info depth 46 seldepth 10 time 29 nodes 8445 nps 0
Engine: info depth 47
Engine: info multipv 1 depth 47 seldepth 10 score mate 1 time 29 nodes 8477 pv b8b5
Engine: info depth 47 seldepth 10 time 29 nodes 8526 nps 0
Engine: info depth 48
Engine: info multipv 1 depth 48 seldepth 10 score mate 1 time 29 nodes 8590 pv b8b5
Engine: info depth 48 seldepth 10 time 29 nodes 8639 nps 0
Engine: info depth 49
Engine: info multipv 1 depth 49 seldepth 10 score mate 1 time 29 nodes 8703 pv b8b5
Engine: info depth 49 seldepth 10 time 30 nodes 8752 nps 0
Engine: info depth 50
Engine: info multipv 1 depth 50 seldepth 10 score mate 1 time 30 nodes 8816 pv b8b5
Engine: info depth 50 seldepth 10 time 30 nodes 8865 nps 0
Engine: info depth 51
Engine: info multipv 1 depth 51 seldepth 10 score mate 1 time 30 nodes 8929 pv b8b5
Engine: info depth 51 seldepth 10 time 30 nodes 8978 nps 0
Engine: info depth 52
Engine: info multipv 1 depth 52 seldepth 10 score mate 1 time 30 nodes 9042 pv b8b5
Engine: info depth 52 seldepth 10 time 30 nodes 9091 nps 0
Engine: info depth 53
Engine: info multipv 1 depth 53 seldepth 10 score mate 1 time 30 nodes 9155 pv b8b5
Engine: info depth 53 seldepth 10 time 30 nodes 9204 nps 0
Engine: info depth 54
Engine: info multipv 1 depth 54 seldepth 10 score mate 1 time 30 nodes 9268 pv b8b5
Engine: info depth 54 seldepth 10 time 30 nodes 9317 nps 0
Engine: info depth 55
Engine: info multipv 1 depth 55 seldepth 10 score mate 1 time 31 nodes 9381 pv b8b5
Engine: info depth 55 seldepth 10 time 31 nodes 9430 nps 0
Engine: info depth 56
Engine: info multipv 1 depth 56 seldepth 10 score mate 1 time 31 nodes 9494 pv b8b5
Engine: info depth 56 seldepth 10 time 31 nodes 9543 nps 0
Engine: info depth 57
Engine: info multipv 1 depth 57 seldepth 10 score mate 1 time 31 nodes 9607 pv b8b5
Engine: info depth 57 seldepth 10 time 31 nodes 9656 nps 0
Engine: info depth 58
Engine: info multipv 1 depth 58 seldepth 10 score mate 1 time 31 nodes 9720 pv b8b5
Engine: info depth 58 seldepth 10 time 31 nodes 9769 nps 0
Engine: info depth 59
Engine: info multipv 1 depth 59 seldepth 10 score mate 1 time 31 nodes 9833 pv b8b5
Engine: info depth 59 seldepth 10 time 31 nodes 9882 nps 0
Engine: info depth 60
Engine: info multipv 1 depth 60 seldepth 10 score mate 1 time 32 nodes 9946 pv b8b5
Engine: info depth 60 seldepth 10 time 32 nodes 9995 nps 0
Engine: info depth 61
Engine: info multipv 1 depth 61 seldepth 10 score mate 1 time 32 nodes 10059 pv b8b5
Engine: info depth 61 seldepth 10 time 32 nodes 10108 nps 0
Engine: info depth 62
Engine: info multipv 1 depth 62 seldepth 10 score mate 1 time 32 nodes 10172 pv b8b5
Engine: info depth 62 seldepth 10 time 32 nodes 10221 nps 0
Engine: info depth 63
Engine: info multipv 1 depth 63 seldepth 10 score mate 1 time 32 nodes 10285 pv b8b5
Engine: info depth 63 seldepth 10 time 32 nodes 10334 nps 0
Scid  : stop
Engine: info time 32 nodes 10334 nps 0 cpuload 672
Engine: info hashfull 0
Engine: bestmove b8b5
Scid  : isready
Engine: readyok
Scid  : position fen 2Q1R2Q/8/8/3k4/8/5P2/8/6K1 w - - 0 1
Scid  : go infinite
Engine: info depth 1
Engine: info multipv 1 depth 1 seldepth 1 score cp 2639 upperbound time 1 nodes 3 pv g1f1
Engine: info multipv 1 depth 1 seldepth 6 score mate 2 time 1 nodes 111 pv f3f4 d5d6 h8e5
Engine: info multipv 1 depth 1 seldepth 10 score mate 1 time 18 nodes 5087 pv e8d8
Engine: info depth 1 seldepth 10 time 22 nodes 6263 nps 0
Engine: info depth 2
Engine: info multipv 1 depth 2 seldepth 10 score mate 1 time 22 nodes 6265 pv e8d8
Engine: info depth 2 seldepth 10 time 22 nodes 6313 nps 0
Engine: info depth 3
Engine: info multipv 1 depth 3 seldepth 10 score mate 1 time 22 nodes 6317 pv e8d8
Engine: info depth 3 seldepth 10 time 23 nodes 6365 nps 0
Engine: info depth 4
Engine: info multipv 1 depth 4 seldepth 10 score mate 1 time 23 nodes 6369 pv e8d8
Engine: info depth 4 seldepth 10 time 23 nodes 6417 nps 0
Engine: info depth 5
Engine: info multipv 1 depth 5 seldepth 10 score mate 1 time 23 nodes 6421 pv e8d8
Engine: info depth 5 seldepth 10 time 23 nodes 6469 nps 0
Engine: info depth 6
Engine: info multipv 1 depth 6 seldepth 10 score mate 1 time 23 nodes 6477 pv e8d8
Engine: info depth 6 seldepth 10 time 23 nodes 6525 nps 0
Engine: info depth 7
Engine: info multipv 1 depth 7 seldepth 10 score mate 1 time 24 nodes 6533 pv e8d8
Engine: info depth 7 seldepth 10 time 24 nodes 6581 nps 0
Engine: info depth 8
Engine: info multipv 1 depth 8 seldepth 10 score mate 1 time 24 nodes 6589 pv e8d8
Engine: info depth 8 seldepth 10 time 24 nodes 6637 nps 0
Engine: info depth 9
Engine: info multipv 1 depth 9 seldepth 10 score mate 1 time 24 nodes 6645 pv e8d8
Engine: info depth 9 seldepth 10 time 24 nodes 6693 nps 0
Engine: info depth 10
Engine: info multipv 1 depth 10 seldepth 10 score mate 1 time 24 nodes 6701 pv e8d8
Engine: info depth 10 seldepth 10 time 24 nodes 6749 nps 0
Engine: info depth 11
Engine: info multipv 1 depth 11 seldepth 10 score mate 1 time 25 nodes 6757 pv e8d8
Engine: info depth 11 seldepth 10 time 25 nodes 6805 nps 0
Engine: info depth 12
Engine: info multipv 1 depth 12 seldepth 10 score mate 1 time 25 nodes 6821 pv e8d8
Engine: info depth 12 seldepth 10 time 25 nodes 6869 nps 0
Engine: info depth 13
Engine: info multipv 1 depth 13 seldepth 10 score mate 1 time 25 nodes 6885 pv e8d8
Engine: info depth 13 seldepth 10 time 25 nodes 6933 nps 0
Engine: info depth 14
Engine: info multipv 1 depth 14 seldepth 10 score mate 1 time 25 nodes 6949 pv e8d8
Engine: info depth 14 seldepth 10 time 25 nodes 6997 nps 0
Engine: info depth 15
Engine: info multipv 1 depth 15 seldepth 10 score mate 1 time 26 nodes 7013 pv e8d8
Engine: info depth 15 seldepth 10 time 26 nodes 7061 nps 0
Engine: info depth 16
Engine: info multipv 1 depth 16 seldepth 10 score mate 1 time 26 nodes 7077 pv e8d8
Engine: info depth 16 seldepth 10 time 26 nodes 7125 nps 0
Engine: info depth 17
Engine: info multipv 1 depth 17 seldepth 10 score mate 1 time 26 nodes 7141 pv e8d8
Engine: info depth 17 seldepth 10 time 26 nodes 7189 nps 0
Engine: info depth 18
Engine: info multipv 1 depth 18 seldepth 10 score mate 1 time 26 nodes 7205 pv e8d8
Engine: info depth 18 seldepth 10 time 26 nodes 7253 nps 0
Engine: info depth 19
Engine: info multipv 1 depth 19 seldepth 10 score mate 1 time 26 nodes 7269 pv e8d8
Engine: info depth 19 seldepth 10 time 26 nodes 7317 nps 0
Engine: info depth 20
Engine: info multipv 1 depth 20 seldepth 10 score mate 1 time 26 nodes 7333 pv e8d8
Engine: info depth 20 seldepth 10 time 27 nodes 7381 nps 0
Engine: info depth 21
Engine: info multipv 1 depth 21 seldepth 10 score mate 1 time 27 nodes 7397 pv e8d8
Engine: info depth 21 seldepth 10 time 27 nodes 7445 nps 0
Engine: info depth 22
Engine: info multipv 1 depth 22 seldepth 10 score mate 1 time 27 nodes 7461 pv e8d8
Engine: info depth 22 seldepth 10 time 27 nodes 7509 nps 0
Engine: info depth 23
Engine: info multipv 1 depth 23 seldepth 10 score mate 1 time 27 nodes 7525 pv e8d8
Engine: info depth 23 seldepth 10 time 27 nodes 7573 nps 0
Engine: info depth 24
Engine: info multipv 1 depth 24 seldepth 10 score mate 1 time 27 nodes 7605 pv e8d8
Engine: info depth 24 seldepth 10 time 27 nodes 7653 nps 0
Engine: info depth 25
Engine: info multipv 1 depth 25 seldepth 10 score mate 1 time 27 nodes 7685 pv e8d8
Engine: info depth 25 seldepth 10 time 27 nodes 7733 nps 0
Engine: info depth 26
Engine: info multipv 1 depth 26 seldepth 10 score mate 1 time 27 nodes 7765 pv e8d8
Engine: info depth 26 seldepth 10 time 27 nodes 7813 nps 0
Engine: info depth 27
Engine: info multipv 1 depth 27 seldepth 10 score mate 1 time 28 nodes 7845 pv e8d8
Engine: info depth 27 seldepth 10 time 28 nodes 7893 nps 0
Engine: info depth 28
Engine: info multipv 1 depth 28 seldepth 10 score mate 1 time 28 nodes 7925 pv e8d8
Engine: info depth 28 seldepth 10 time 28 nodes 7973 nps 0
Engine: info depth 29
Engine: info multipv 1 depth 29 seldepth 10 score mate 1 time 28 nodes 8005 pv e8d8
Engine: info depth 29 seldepth 10 time 28 nodes 8053 nps 0
Engine: info depth 30
Engine: info multipv 1 depth 30 seldepth 10 score mate 1 time 28 nodes 8085 pv e8d8
Engine: info depth 30 seldepth 10 time 28 nodes 8133 nps 0
Engine: info depth 31
Engine: info multipv 1 depth 31 seldepth 10 score mate 1 time 28 nodes 8165 pv e8d8
Engine: info depth 31 seldepth 10 time 28 nodes 8213 nps 0
Engine: info depth 32
Engine: info multipv 1 depth 32 seldepth 10 score mate 1 time 28 nodes 8245 pv e8d8
Engine: info depth 32 seldepth 10 time 28 nodes 8293 nps 0
Engine: info depth 33
Engine: info multipv 1 depth 33 seldepth 10 score mate 1 time 29 nodes 8325 pv e8d8
Engine: info depth 33 seldepth 10 time 29 nodes 8373 nps 0
Engine: info depth 34
Engine: info multipv 1 depth 34 seldepth 10 score mate 1 time 29 nodes 8405 pv e8d8
Engine: info depth 34 seldepth 10 time 29 nodes 8453 nps 0
Engine: info depth 35
Engine: info multipv 1 depth 35 seldepth 10 score mate 1 time 29 nodes 8485 pv e8d8
Engine: info depth 35 seldepth 10 time 29 nodes 8533 nps 0
Engine: info depth 36
Engine: info multipv 1 depth 36 seldepth 10 score mate 1 time 29 nodes 8565 pv e8d8
Engine: info depth 36 seldepth 10 time 29 nodes 8613 nps 0
Engine: info depth 37
Engine: info multipv 1 depth 37 seldepth 10 score mate 1 time 29 nodes 8645 pv e8d8
Engine: info depth 37 seldepth 10 time 29 nodes 8693 nps 0
Engine: info depth 38
Engine: info multipv 1 depth 38 seldepth 10 score mate 1 time 29 nodes 8725 pv e8d8
Engine: info depth 38 seldepth 10 time 30 nodes 8773 nps 0
Engine: info depth 39
Engine: info multipv 1 depth 39 seldepth 10 score mate 1 time 30 nodes 8805 pv e8d8
Engine: info depth 39 seldepth 10 time 30 nodes 8853 nps 0
Engine: info depth 40
Engine: info multipv 1 depth 40 seldepth 10 score mate 1 time 30 nodes 8885 pv e8d8
Engine: info depth 40 seldepth 10 time 30 nodes 8933 nps 0
Engine: info depth 41
Engine: info multipv 1 depth 41 seldepth 10 score mate 1 time 30 nodes 8965 pv e8d8
Scid  : stop
Engine: info depth 41 seldepth 10 time 30 nodes 9013 nps 0
Engine: info depth 42
Engine: info multipv 1 depth 42 seldepth 10 score mate 1 time 30 nodes 9045 pv e8d8
Engine: info depth 42 seldepth 10 time 30 nodes 9093 nps 0
Engine: info depth 43
Engine: info multipv 1 depth 43 seldepth 10 score mate 1 time 30 nodes 9125 pv e8d8
Engine: info depth 43 seldepth 10 time 30 nodes 9173 nps 0
Engine: info depth 44
Engine: info multipv 1 depth 44 seldepth 10 score mate 1 time 30 nodes 9205 pv e8d8
Engine: info depth 44 seldepth 10 time 31 nodes 9253 nps 0
Engine: info depth 45
Engine: info multipv 1 depth 45 seldepth 10 score mate 1 time 31 nodes 9285 pv e8d8
Engine: info depth 45 seldepth 10 time 31 nodes 9333 nps 0
Engine: info depth 46
Engine: info multipv 1 depth 46 seldepth 10 score mate 1 time 31 nodes 9365 pv e8d8
Engine: info depth 46 seldepth 10 time 31 nodes 9413 nps 0
Engine: info depth 47
Engine: info multipv 1 depth 47 seldepth 10 score mate 1 time 31 nodes 9445 pv e8d8
Engine: info depth 47 seldepth 10 time 31 nodes 9493 nps 0
Engine: info depth 48
Engine: info multipv 1 depth 48 seldepth 10 score mate 1 time 31 nodes 9557 pv e8d8
Engine: info depth 48 seldepth 10 time 31 nodes 9605 nps 0
Engine: info depth 49
Engine: info multipv 1 depth 49 seldepth 10 score mate 1 time 31 nodes 9669 pv e8d8
Engine: info depth 49 seldepth 10 time 31 nodes 9717 nps 0
Engine: info depth 50
Engine: info multipv 1 depth 50 seldepth 10 score mate 1 time 31 nodes 9781 pv e8d8
Engine: info depth 50 seldepth 10 time 31 nodes 9829 nps 0
Engine: info depth 51
Engine: info multipv 1 depth 51 seldepth 10 score mate 1 time 32 nodes 9893 pv e8d8
Engine: info depth 51 seldepth 10 time 32 nodes 9941 nps 0
Engine: info depth 52
Engine: info multipv 1 depth 52 seldepth 10 score mate 1 time 32 nodes 10005 pv e8d8
Engine: info depth 52 seldepth 10 time 32 nodes 10053 nps 0
Engine: info depth 53
Engine: info multipv 1 depth 53 seldepth 10 score mate 1 time 32 nodes 10117 pv e8d8
Engine: info depth 53 seldepth 10 time 32 nodes 10165 nps 0
Engine: info depth 54
Engine: info multipv 1 depth 54 seldepth 10 score mate 1 time 32 nodes 10229 pv e8d8
Engine: info depth 54 seldepth 10 time 32 nodes 10277 nps 0
Engine: info depth 55
Engine: info multipv 1 depth 55 seldepth 10 score mate 1 time 32 nodes 10341 pv e8d8
Engine: info depth 55 seldepth 10 time 32 nodes 10389 nps 0
Engine: info depth 56
Engine: info multipv 1 depth 56 seldepth 10 score mate 1 time 32 nodes 10453 pv e8d8
Engine: info depth 56 seldepth 10 time 32 nodes 10501 nps 0
Engine: info depth 57
Engine: info multipv 1 depth 57 seldepth 10 score mate 1 time 32 nodes 10565 pv e8d8
Engine: info depth 57 seldepth 10 time 32 nodes 10613 nps 0
Engine: info depth 58
Engine: info multipv 1 depth 58 seldepth 10 score mate 1 time 32 nodes 10677 pv e8d8
Engine: info depth 58 seldepth 10 time 33 nodes 10725 nps 0
Engine: info depth 59
Engine: info multipv 1 depth 59 seldepth 10 score mate 1 time 33 nodes 10789 pv e8d8
Engine: info depth 59 seldepth 10 time 33 nodes 10837 nps 0
Engine: info depth 60
Engine: info multipv 1 depth 60 seldepth 10 score mate 1 time 33 nodes 10901 pv e8d8
Engine: info depth 60 seldepth 10 time 33 nodes 10949 nps 0
Engine: info depth 61
Engine: info multipv 1 depth 61 seldepth 10 score mate 1 time 33 nodes 11013 pv e8d8
Engine: info depth 61 seldepth 10 time 33 nodes 11061 nps 0
Engine: info depth 62
Engine: info multipv 1 depth 62 seldepth 10 score mate 1 time 33 nodes 11125 pv e8d8
Engine: info depth 62 seldepth 10 time 33 nodes 11173 nps 0
Engine: info depth 63
Engine: info multipv 1 depth 63 seldepth 10 score mate 1 time 33 nodes 11237 pv e8d8
Engine: info depth 63 seldepth 10 time 33 nodes 11285 nps 0
Engine: info time 33 nodes 11285 nps 0 cpuload 844
Engine: info hashfull 0
Engine: bestmove e8d8
Scid  : isready
Engine: readyok
Scid  : position fen r3k2r/p4p2/b1p3pp/3p3q/4q3/b7/8/6K1 b kq - 0 1
Scid  : go infinite
Engine: info depth 1
Engine: info multipv 1 depth 1 seldepth 1 score cp 4276 upperbound time 1 nodes 3 pv a3c1
Engine: info multipv 1 depth 1 seldepth 1 score mate 1 time 1 nodes 8 pv a3c5
Engine: info depth 1 seldepth 16 time 14 nodes 3286 nps 0
Engine: info depth 2
Engine: info multipv 1 depth 2 seldepth 16 score mate 1 time 15 nodes 3288 pv a3c5
Engine: info depth 2 seldepth 16 time 15 nodes 3349 nps 0
Engine: info depth 3
Engine: info multipv 1 depth 3 seldepth 16 score mate 1 time 15 nodes 3353 pv a3c5
Engine: info depth 3 seldepth 16 time 15 nodes 3414 nps 0
Engine: info depth 4
Engine: info multipv 1 depth 4 seldepth 16 score mate 1 time 15 nodes 3418 pv a3c5
Engine: info depth 4 seldepth 16 time 15 nodes 3479 nps 0
Engine: info depth 5
Engine: info multipv 1 depth 5 seldepth 16 score mate 1 time 16 nodes 3483 pv a3c5
Engine: info depth 5 seldepth 16 time 16 nodes 3544 nps 0
Engine: info depth 6
Engine: info multipv 1 depth 6 seldepth 16 score mate 1 time 16 nodes 3552 pv a3c5
Engine: info depth 6 seldepth 16 time 16 nodes 3613 nps 0
Engine: info depth 7
Engine: info multipv 1 depth 7 seldepth 16 score mate 1 time 16 nodes 3621 pv a3c5
Engine: info depth 7 seldepth 16 time 16 nodes 3682 nps 0
Engine: info depth 8
Engine: info multipv 1 depth 8 seldepth 16 score mate 1 time 16 nodes 3690 pv a3c5
Engine: info depth 8 seldepth 16 time 17 nodes 3751 nps 0
Engine: info depth 9
Engine: info multipv 1 depth 9 seldepth 16 score mate 1 time 17 nodes 3759 pv a3c5
Engine: info depth 9 seldepth 16 time 17 nodes 3820 nps 0
Engine: info depth 10
Engine: info multipv 1 depth 10 seldepth 16 score mate 1 time 17 nodes 3828 pv a3c5
Engine: info depth 10 seldepth 16 time 17 nodes 3889 nps 0
Engine: info depth 11
Engine: info multipv 1 depth 11 seldepth 16 score mate 1 time 17 nodes 3897 pv a3c5
Engine: info depth 11 seldepth 16 time 18 nodes 3958 nps 0
Engine: info depth 12
Engine: info multipv 1 depth 12 seldepth 16 score mate 1 time 18 nodes 3974 pv a3c5
Engine: info depth 12 seldepth 16 time 18 nodes 4035 nps 0
Engine: info depth 13
Engine: info multipv 1 depth 13 seldepth 16 score mate 1 time 18 nodes 4051 pv a3c5
Engine: info depth 13 seldepth 16 time 18 nodes 4112 nps 0
Engine: info depth 14
Engine: info multipv 1 depth 14 seldepth 16 score mate 1 time 18 nodes 4128 pv a3c5
Engine: info depth 14 seldepth 16 time 19 nodes 4189 nps 0
Engine: info depth 15
Engine: info multipv 1 depth 15 seldepth 16 score mate 1 time 19 nodes 4205 pv a3c5
Engine: info depth 15 seldepth 16 time 19 nodes 4266 nps 0
Engine: info depth 16
Engine: info multipv 1 depth 16 seldepth 16 score mate 1 time 19 nodes 4282 pv a3c5
Engine: info depth 16 seldepth 16 time 19 nodes 4343 nps 0
Engine: info depth 17
Engine: info multipv 1 depth 17 seldepth 16 score mate 1 time 19 nodes 4359 pv a3c5
Engine: info depth 17 seldepth 16 time 19 nodes 4420 nps 0
Engine: info depth 18
Engine: info multipv 1 depth 18 seldepth 16 score mate 1 time 19 nodes 4436 pv a3c5
Engine: info depth 18 seldepth 16 time 20 nodes 4497 nps 0
Engine: info depth 19
Engine: info multipv 1 depth 19 seldepth 16 score mate 1 time 20 nodes 4513 pv a3c5
Engine: info depth 19 seldepth 16 time 20 nodes 4574 nps 0
Engine: info depth 20
Engine: info multipv 1 depth 20 seldepth 16 score mate 1 time 20 nodes 4590 pv a3c5
Engine: info depth 20 seldepth 16 time 20 nodes 4651 nps 0
Engine: info depth 21
Engine: info multipv 1 depth 21 seldepth 16 score mate 1 time 20 nodes 4667 pv a3c5
Engine: info depth 21 seldepth 16 time 21 nodes 4728 nps 0
Engine: info depth 22
Engine: info multipv 1 depth 22 seldepth 16 score mate 1 time 21 nodes 4744 pv a3c5
Engine: info depth 22 seldepth 16 time 21 nodes 4805 nps 0
Engine: info depth 23
Engine: info multipv 1 depth 23 seldepth 16 score mate 1 time 21 nodes 4821 pv a3c5
Engine: info depth 23 seldepth 16 time 21 nodes 4882 nps 0
Engine: info depth 24
Engine: info multipv 1 depth 24 seldepth 16 score mate 1 time 21 nodes 4914 pv a3c5
Engine: info depth 24 seldepth 16 time 22 nodes 4975 nps 0
Engine: info depth 25
Engine: info multipv 1 depth 25 seldepth 16 score mate 1 time 22 nodes 5007 pv a3c5
Engine: info depth 25 seldepth 16 time 22 nodes 5068 nps 0
Engine: info depth 26
Engine: info multipv 1 depth 26 seldepth 16 score mate 1 time 22 nodes 5100 pv a3c5
Engine: info depth 26 seldepth 16 time 22 nodes 5161 nps 0
Engine: info depth 27
Engine: info multipv 1 depth 27 seldepth 16 score mate 1 time 22 nodes 5193 pv a3c5
Engine: info depth 27 seldepth 16 time 23 nodes 5254 nps 0
Engine: info depth 28
Engine: info multipv 1 depth 28 seldepth 16 score mate 1 time 23 nodes 5286 pv a3c5
Engine: info depth 28 seldepth 16 time 23 nodes 5347 nps 0
Engine: info depth 29
Engine: info multipv 1 depth 29 seldepth 16 score mate 1 time 23 nodes 5379 pv a3c5
Engine: info depth 29 seldepth 16 time 23 nodes 5440 nps 0
Engine: info depth 30
Engine: info multipv 1 depth 30 seldepth 16 score mate 1 time 23 nodes 5472 pv a3c5
Engine: info depth 30 seldepth 16 time 24 nodes 5533 nps 0
Engine: info depth 31
Engine: info multipv 1 depth 31 seldepth 16 score mate 1 time 24 nodes 5565 pv a3c5
Engine: info depth 31 seldepth 16 time 24 nodes 5626 nps 0
Engine: info depth 32
Engine: info multipv 1 depth 32 seldepth 16 score mate 1 time 24 nodes 5658 pv a3c5
Engine: info depth 32 seldepth 16 time 24 nodes 5719 nps 0
Engine: info depth 33
Engine: info multipv 1 depth 33 seldepth 16 score mate 1 time 24 nodes 5751 pv a3c5
Engine: info depth 33 seldepth 16 time 25 nodes 5812 nps 0
Engine: info depth 34
Engine: info multipv 1 depth 34 seldepth 16 score mate 1 time 25 nodes 5844 pv a3c5
Engine: info depth 34 seldepth 16 time 25 nodes 5905 nps 0
Engine: info depth 35
Engine: info multipv 1 depth 35 seldepth 16 score mate 1 time 25 nodes 5937 pv a3c5
Engine: info depth 35 seldepth 16 time 25 nodes 5998 nps 0
Engine: info depth 36
Engine: info multipv 1 depth 36 seldepth 16 score mate 1 time 25 nodes 6030 pv a3c5
Engine: info depth 36 seldepth 16 time 26 nodes 6091 nps 0
Engine: info depth 37
Engine: info multipv 1 depth 37 seldepth 16 score mate 1 time 26 nodes 6123 pv a3c5
Engine: info depth 37 seldepth 16 time 26 nodes 6184 nps 0
Engine: info depth 38
Engine: info multipv 1 depth 38 seldepth 16 score mate 1 time 26 nodes 6216 pv a3c5
Engine: info depth 38 seldepth 16 time 26 nodes 6277 nps 0
Engine: info depth 39
Engine: info multipv 1 depth 39 seldepth 16 score mate 1 time 26 nodes 6309 pv a3c5
Engine: info depth 39 seldepth 16 time 27 nodes 6370 nps 0
Engine: info depth 40
Engine: info multipv 1 depth 40 seldepth 16 score mate 1 time 27 nodes 6402 pv a3c5
Engine: info depth 40 seldepth 16 time 27 nodes 6463 nps 0
Engine: info depth 41
Engine: info multipv 1 depth 41 seldepth 16 score mate 1 time 27 nodes 6495 pv a3c5
Engine: info depth 41 seldepth 16 time 27 nodes 6556 nps 0
Engine: info depth 42
Engine: info multipv 1 depth 42 seldepth 16 score mate 1 time 27 nodes 6588 pv a3c5
Engine: info depth 42 seldepth 16 time 28 nodes 6649 nps 0
Engine: info depth 43
Engine: info multipv 1 depth 43 seldepth 16 score mate 1 time 28 nodes 6681 pv a3c5
Engine: info depth 43 seldepth 16 time 28 nodes 6742 nps 0
Engine: info depth 44
Engine: info multipv 1 depth 44 seldepth 16 score mate 1 time 28 nodes 6774 pv a3c5
Engine: info depth 44 seldepth 16 time 28 nodes 6835 nps 0
Engine: info depth 45
Scid  : stop
Engine: info multipv 1 depth 45 seldepth 16 score mate 1 time 28 nodes 6867 pv a3c5
Engine: info depth 45 seldepth 16 time 29 nodes 6928 nps 0
Engine: info depth 46
Engine: info multipv 1 depth 46 seldepth 16 score mate 1 time 29 nodes 6960 pv a3c5
Engine: info depth 46 seldepth 16 time 29 nodes 7021 nps 0
Engine: info depth 47
Engine: info multipv 1 depth 47 seldepth 16 score mate 1 time 29 nodes 7053 pv a3c5
Engine: info depth 47 seldepth 16 time 29 nodes 7114 nps 0
Engine: info depth 48
Engine: info multipv 1 depth 48 seldepth 16 score mate 1 time 29 nodes 7178 pv a3c5
Engine: info depth 48 seldepth 16 time 30 nodes 7239 nps 0
Engine: info depth 49
Engine: info multipv 1 depth 49 seldepth 16 score mate 1 time 30 nodes 7303 pv a3c5
Engine: info depth 49 seldepth 16 time 30 nodes 7364 nps 0
Engine: info depth 50
Engine: info multipv 1 depth 50 seldepth 16 score mate 1 time 30 nodes 7428 pv a3c5
Engine: info depth 50 seldepth 16 time 30 nodes 7489 nps 0
Engine: info depth 51
Engine: info multipv 1 depth 51 seldepth 16 score mate 1 time 30 nodes 7553 pv a3c5
Engine: info depth 51 seldepth 16 time 31 nodes 7614 nps 0
Engine: info depth 52
Engine: info multipv 1 depth 52 seldepth 16 score mate 1 time 31 nodes 7678 pv a3c5
Engine: info depth 52 seldepth 16 time 31 nodes 7739 nps 0
Engine: info depth 53
Engine: info multipv 1 depth 53 seldepth 16 score mate 1 time 31 nodes 7803 pv a3c5
Engine: info depth 53 seldepth 16 time 32 nodes 7864 nps 0
Engine: info depth 54
Engine: info multipv 1 depth 54 seldepth 16 score mate 1 time 32 nodes 7928 pv a3c5
Engine: info depth 54 seldepth 16 time 32 nodes 7989 nps 0
Engine: info depth 55
Engine: info multipv 1 depth 55 seldepth 16 score mate 1 time 32 nodes 8053 pv a3c5
Engine: info depth 55 seldepth 16 time 32 nodes 8114 nps 0
Engine: info depth 56
Engine: info multipv 1 depth 56 seldepth 16 score mate 1 time 32 nodes 8178 pv a3c5
Engine: info depth 56 seldepth 16 time 33 nodes 8239 nps 0
Engine: info depth 57
Engine: info multipv 1 depth 57 seldepth 16 score mate 1 time 33 nodes 8303 pv a3c5
Engine: info depth 57 seldepth 16 time 33 nodes 8364 nps 0
Engine: info depth 58
Engine: info multipv 1 depth 58 seldepth 16 score mate 1 time 33 nodes 8428 pv a3c5
Engine: info depth 58 seldepth 16 time 33 nodes 8489 nps 0
Engine: info depth 59
Engine: info multipv 1 depth 59 seldepth 16 score mate 1 time 34 nodes 8553 pv a3c5
Engine: info depth 59 seldepth 16 time 34 nodes 8614 nps 0
Engine: info depth 60
Engine: info multipv 1 depth 60 seldepth 16 score mate 1 time 34 nodes 8678 pv a3c5
Engine: info depth 60 seldepth 16 time 34 nodes 8739 nps 0
Engine: info depth 61
Engine: info multipv 1 depth 61 seldepth 16 score mate 1 time 34 nodes 8803 pv a3c5
Engine: info depth 61 seldepth 16 time 34 nodes 8864 nps 0
Engine: info depth 62
Engine: info multipv 1 depth 62 seldepth 16 score mate 1 time 35 nodes 8928 pv a3c5
Engine: info depth 62 seldepth 16 time 35 nodes 8989 nps 0
Engine: info depth 63
Engine: info multipv 1 depth 63 seldepth 16 score mate 1 time 35 nodes 9053 pv a3c5
Engine: info depth 63 seldepth 16 time 35 nodes 9114 nps 0
Engine: info time 35 nodes 9114 nps 0 cpuload 641
Engine: info hashfull 0
Engine: bestmove a3c5
Scid  : isready
Engine: readyok
Scid  : position fen 8/7p/6p1/8/2b2pkP/r7/3K4/q7 b - - 0 1
Scid  : go infinite
Engine: info depth 1
Engine: info multipv 1 depth 1 seldepth 1 score cp 2233 upperbound time 1 nodes 3 pv g4h4
Engine: info multipv 1 depth 1 seldepth 10 score mate 3 time 3 nodes 822 pv a1a2 d2c1 a3c3 c1d1 a2e2
Engine: info multipv 1 depth 1 seldepth 10 score mate 2 time 3 nodes 877 pv a1b2 d2d1 a3a1
Engine: info multipv 1 depth 1 seldepth 10 score mate 1 time 4 nodes 1158 pv a3a2
Engine: info depth 1 seldepth 10 time 4 nodes 1500 nps 0
Engine: info depth 2
Engine: info multipv 1 depth 2 seldepth 10 score mate 1 time 4 nodes 1502 pv a3a2
Engine: info depth 2 seldepth 10 time 4 nodes 1550 nps 0
Engine: info depth 3
Engine: info multipv 1 depth 3 seldepth 10 score mate 1 time 4 nodes 1554 pv a3a2
Engine: info depth 3 seldepth 10 time 4 nodes 1602 nps 0
Engine: info depth 4
Engine: info multipv 1 depth 4 seldepth 10 score mate 1 time 4 nodes 1606 pv a3a2
Engine: info depth 4 seldepth 10 time 4 nodes 1654 nps 0
Engine: info depth 5
Engine: info multipv 1 depth 5 seldepth 10 score mate 1 time 4 nodes 1658 pv a3a2
Engine: info depth 5 seldepth 10 time 4 nodes 1706 nps 0
Engine: info depth 6
Engine: info multipv 1 depth 6 seldepth 10 score mate 1 time 4 nodes 1714 pv a3a2
Engine: info depth 6 seldepth 10 time 4 nodes 1762 nps 0
Engine: info depth 7
Engine: info multipv 1 depth 7 seldepth 10 score mate 1 time 4 nodes 1770 pv a3a2
Engine: info depth 7 seldepth 10 time 4 nodes 1818 nps 0
Engine: info depth 8
Engine: info multipv 1 depth 8 seldepth 10 score mate 1 time 4 nodes 1826 pv a3a2
Engine: info depth 8 seldepth 10 time 4 nodes 1874 nps 0
Engine: info depth 9
Engine: info multipv 1 depth 9 seldepth 10 score mate 1 time 4 nodes 1882 pv a3a2
Engine: info depth 9 seldepth 10 time 4 nodes 1930 nps 0
Engine: info depth 10
Engine: info multipv 1 depth 10 seldepth 10 score mate 1 time 4 nodes 1938 pv a3a2
Engine: info depth 10 seldepth 10 time 5 nodes 1986 nps 0
Engine: info depth 11
Engine: info multipv 1 depth 11 seldepth 10 score mate 1 time 5 nodes 1994 pv a3a2
Engine: info depth 11 seldepth 10 time 5 nodes 2042 nps 0
Engine: info depth 12
Engine: info multipv 1 depth 12 seldepth 10 score mate 1 time 5 nodes 2058 pv a3a2
Engine: info depth 12 seldepth 10 time 5 nodes 2106 nps 0
Engine: info depth 13
Engine: info multipv 1 depth 13 seldepth 10 score mate 1 time 5 nodes 2122 pv a3a2
Engine: info depth 13 seldepth 10 time 5 nodes 2170 nps 0
Engine: info depth 14
Engine: info multipv 1 depth 14 seldepth 10 score mate 1 time 5 nodes 2186 pv a3a2
Engine: info depth 14 seldepth 10 time 5 nodes 2234 nps 0
Engine: info depth 15
Engine: info multipv 1 depth 15 seldepth 10 score mate 1 time 5 nodes 2250 pv a3a2
Engine: info depth 15 seldepth 10 time 5 nodes 2298 nps 0
Engine: info depth 16
Engine: info multipv 1 depth 16 seldepth 10 score mate 1 time 5 nodes 2314 pv a3a2
Engine: info depth 16 seldepth 10 time 5 nodes 2362 nps 0
Engine: info depth 17
Engine: info multipv 1 depth 17 seldepth 10 score mate 1 time 5 nodes 2378 pv a3a2
Engine: info depth 17 seldepth 10 time 5 nodes 2426 nps 0
Engine: info depth 18
Engine: info multipv 1 depth 18 seldepth 10 score mate 1 time 5 nodes 2442 pv a3a2
Engine: info depth 18 seldepth 10 time 5 nodes 2490 nps 0
Engine: info depth 19
Engine: info multipv 1 depth 19 seldepth 10 score mate 1 time 5 nodes 2506 pv a3a2
Engine: info depth 19 seldepth 10 time 5 nodes 2554 nps 0
Engine: info depth 20
Engine: info multipv 1 depth 20 seldepth 10 score mate 1 time 5 nodes 2570 pv a3a2
Engine: info depth 20 seldepth 10 time 5 nodes 2618 nps 0
Engine: info depth 21
Engine: info multipv 1 depth 21 seldepth 10 score mate 1 time 5 nodes 2634 pv a3a2
Engine: info depth 21 seldepth 10 time 5 nodes 2682 nps 0
Engine: info depth 22
Engine: info multipv 1 depth 22 seldepth 10 score mate 1 time 5 nodes 2698 pv a3a2
Engine: info depth 22 seldepth 10 time 5 nodes 2746 nps 0
Engine: info depth 23
Engine: info multipv 1 depth 23 seldepth 10 score mate 1 time 5 nodes 2762 pv a3a2
Engine: info depth 23 seldepth 10 time 5 nodes 2810 nps 0
Engine: info depth 24
Engine: info multipv 1 depth 24 seldepth 10 score mate 1 time 6 nodes 2842 pv a3a2
Engine: info depth 24 seldepth 10 time 6 nodes 2890 nps 0
Engine: info depth 25
Engine: info multipv 1 depth 25 seldepth 10 score mate 1 time 6 nodes 2922 pv a3a2
Engine: info depth 25 seldepth 10 time 6 nodes 2970 nps 0
Engine: info depth 26
Engine: info multipv 1 depth 26 seldepth 10 score mate 1 time 6 nodes 3002 pv a3a2
Engine: info depth 26 seldepth 10 time 6 nodes 3050 nps 0
Engine: info depth 27
Engine: info multipv 1 depth 27 seldepth 10 score mate 1 time 6 nodes 3082 pv a3a2
Engine: info depth 27 seldepth 10 time 6 nodes 3130 nps 0
Engine: info depth 28
Engine: info multipv 1 depth 28 seldepth 10 score mate 1 time 6 nodes 3162 pv a3a2
Engine: info depth 28 seldepth 10 time 6 nodes 3210 nps 0
Engine: info depth 29
Engine: info multipv 1 depth 29 seldepth 10 score mate 1 time 6 nodes 3242 pv a3a2
Engine: info depth 29 seldepth 10 time 6 nodes 3290 nps 0
Engine: info depth 30
Engine: info multipv 1 depth 30 seldepth 10 score mate 1 time 6 nodes 3322 pv a3a2
Engine: info depth 30 seldepth 10 time 6 nodes 3370 nps 0
Engine: info depth 31
Engine: info multipv 1 depth 31 seldepth 10 score mate 1 time 6 nodes 3402 pv a3a2
Engine: info depth 31 seldepth 10 time 6 nodes 3450 nps 0
Engine: info depth 32
Engine: info multipv 1 depth 32 seldepth 10 score mate 1 time 6 nodes 3482 pv a3a2
Engine: info depth 32 seldepth 10 time 6 nodes 3530 nps 0
Engine: info depth 33
Engine: info multipv 1 depth 33 seldepth 10 score mate 1 time 6 nodes 3562 pv a3a2
Engine: info depth 33 seldepth 10 time 6 nodes 3610 nps 0
Engine: info depth 34
Engine: info multipv 1 depth 34 seldepth 10 score mate 1 time 6 nodes 3642 pv a3a2
Engine: info depth 34 seldepth 10 time 6 nodes 3690 nps 0
Engine: info depth 35
Engine: info multipv 1 depth 35 seldepth 10 score mate 1 time 6 nodes 3722 pv a3a2
Engine: info depth 35 seldepth 10 time 6 nodes 3770 nps 0
Engine: info depth 36
Engine: info multipv 1 depth 36 seldepth 10 score mate 1 time 6 nodes 3802 pv a3a2
Engine: info depth 36 seldepth 10 time 7 nodes 3850 nps 0
Engine: info depth 37
Engine: info multipv 1 depth 37 seldepth 10 score mate 1 time 7 nodes 3882 pv a3a2
Engine: info depth 37 seldepth 10 time 7 nodes 3930 nps 0
Engine: info depth 38
Engine: info multipv 1 depth 38 seldepth 10 score mate 1 time 7 nodes 3962 pv a3a2
Engine: info depth 38 seldepth 10 time 7 nodes 4010 nps 0
Engine: info depth 39
Engine: info multipv 1 depth 39 seldepth 10 score mate 1 time 7 nodes 4042 pv a3a2
Engine: info depth 39 seldepth 10 time 7 nodes 4090 nps 0
Engine: info depth 40
Engine: info multipv 1 depth 40 seldepth 10 score mate 1 time 7 nodes 4122 pv a3a2
Engine: info depth 40 seldepth 10 time 7 nodes 4170 nps 0
Scid  : stop
Engine: info depth 41
Engine: info multipv 1 depth 41 seldepth 10 score mate 1 time 7 nodes 4202 pv a3a2
Engine: info depth 41 seldepth 10 time 7 nodes 4250 nps 0
Engine: info depth 42
Engine: info multipv 1 depth 42 seldepth 10 score mate 1 time 7 nodes 4282 pv a3a2
Engine: info depth 42 seldepth 10 time 7 nodes 4330 nps 0
Engine: info depth 43
Engine: info multipv 1 depth 43 seldepth 10 score mate 1 time 7 nodes 4362 pv a3a2
Engine: info depth 43 seldepth 10 time 7 nodes 4410 nps 0
Engine: info depth 44
Engine: info multipv 1 depth 44 seldepth 10 score mate 1 time 7 nodes 4442 pv a3a2
Engine: info depth 44 seldepth 10 time 7 nodes 4490 nps 0
Engine: info depth 45
Engine: info multipv 1 depth 45 seldepth 10 score mate 1 time 7 nodes 4522 pv a3a2
Engine: info depth 45 seldepth 10 time 7 nodes 4570 nps 0
Engine: info depth 46
Engine: info multipv 1 depth 46 seldepth 10 score mate 1 time 7 nodes 4602 pv a3a2
Engine: info depth 46 seldepth 10 time 7 nodes 4650 nps 0
Engine: info depth 47
Engine: info multipv 1 depth 47 seldepth 10 score mate 1 time 7 nodes 4682 pv a3a2
Engine: info depth 47 seldepth 10 time 7 nodes 4730 nps 0
Engine: info depth 48
Engine: info multipv 1 depth 48 seldepth 10 score mate 1 time 7 nodes 4794 pv a3a2
Engine: info depth 48 seldepth 10 time 7 nodes 4842 nps 0
Engine: info depth 49
Engine: info multipv 1 depth 49 seldepth 10 score mate 1 time 7 nodes 4906 pv a3a2
Engine: info depth 49 seldepth 10 time 8 nodes 4954 nps 0
Engine: info depth 50
Engine: info multipv 1 depth 50 seldepth 10 score mate 1 time 8 nodes 5018 pv a3a2
Engine: info depth 50 seldepth 10 time 8 nodes 5066 nps 0
Engine: info depth 51
Engine: info multipv 1 depth 51 seldepth 10 score mate 1 time 8 nodes 5130 pv a3a2
Engine: info depth 51 seldepth 10 time 8 nodes 5178 nps 0
Engine: info depth 52
Engine: info multipv 1 depth 52 seldepth 10 score mate 1 time 8 nodes 5242 pv a3a2
Engine: info depth 52 seldepth 10 time 8 nodes 5290 nps 0
Engine: info depth 53
Engine: info multipv 1 depth 53 seldepth 10 score mate 1 time 8 nodes 5354 pv a3a2
Engine: info depth 53 seldepth 10 time 8 nodes 5402 nps 0
Engine: info depth 54
Engine: info multipv 1 depth 54 seldepth 10 score mate 1 time 8 nodes 5466 pv a3a2
Engine: info depth 54 seldepth 10 time 8 nodes 5514 nps 0
Engine: info depth 55
Engine: info multipv 1 depth 55 seldepth 10 score mate 1 time 8 nodes 5578 pv a3a2
Engine: info depth 55 seldepth 10 time 8 nodes 5626 nps 0
Engine: info depth 56
Engine: info multipv 1 depth 56 seldepth 10 score mate 1 time 8 nodes 5690 pv a3a2
Engine: info depth 56 seldepth 10 time 8 nodes 5738 nps 0
Engine: info depth 57
Engine: info multipv 1 depth 57 seldepth 10 score mate 1 time 8 nodes 5802 pv a3a2
Engine: info depth 57 seldepth 10 time 8 nodes 5850 nps 0
Engine: info depth 58
Engine: info multipv 1 depth 58 seldepth 10 score mate 1 time 8 nodes 5914 pv a3a2
Engine: info depth 58 seldepth 10 time 8 nodes 5962 nps 0
Engine: info depth 59
Engine: info multipv 1 depth 59 seldepth 10 score mate 1 time 8 nodes 6026 pv a3a2
Engine: info depth 59 seldepth 10 time 8 nodes 6074 nps 0
Engine: info depth 60
Engine: info multipv 1 depth 60 seldepth 10 score mate 1 time 8 nodes 6138 pv a3a2
Engine: info depth 60 seldepth 10 time 8 nodes 6186 nps 0
Engine: info depth 61
Engine: info multipv 1 depth 61 seldepth 10 score mate 1 time 9 nodes 6250 pv a3a2
Engine: info depth 61 seldepth 10 time 9 nodes 6298 nps 0
Engine: info depth 62
Engine: info multipv 1 depth 62 seldepth 10 score mate 1 time 9 nodes 6362 pv a3a2
Engine: info depth 62 seldepth 10 time 9 nodes 6410 nps 0
Engine: info depth 63
Engine: info multipv 1 depth 63 seldepth 10 score mate 1 time 9 nodes 6474 pv a3a2
Engine: info depth 63 seldepth 10 time 9 nodes 6522 nps 0
Engine: info time 9 nodes 6522 nps 0 cpuload 628
Engine: info hashfull 0
Engine: bestmove a3a2
Scid  : isready
Engine: readyok
Scid  : position fen 8/7p/6p1/8/2b2pkP/r7/3K4/q7 b - - 0 1
Scid  : go infinite
Engine: info depth 1
Engine: info multipv 1 depth 1 seldepth 1 score mate 1 time 1 nodes 2 pv a3a2
Engine: info depth 1 seldepth 10 time 4 nodes 1151 nps 0
Engine: info depth 2
Engine: info multipv 1 depth 2 seldepth 10 score mate 1 time 4 nodes 1153 pv a3a2
Engine: info depth 2 seldepth 10 time 5 nodes 1201 nps 0
Engine: info depth 3
Engine: info multipv 1 depth 3 seldepth 10 score mate 1 time 5 nodes 1205 pv a3a2
Engine: info depth 3 seldepth 10 time 5 nodes 1253 nps 0
Engine: info depth 4
Engine: info multipv 1 depth 4 seldepth 10 score mate 1 time 5 nodes 1257 pv a3a2
Engine: info depth 4 seldepth 10 time 5 nodes 1305 nps 0
Engine: info depth 5
Engine: info multipv 1 depth 5 seldepth 10 score mate 1 time 5 nodes 1309 pv a3a2
Engine: info depth 5 seldepth 10 time 5 nodes 1357 nps 0
Engine: info depth 6
Engine: info multipv 1 depth 6 seldepth 10 score mate 1 time 5 nodes 1365 pv a3a2
Engine: info depth 6 seldepth 10 time 5 nodes 1413 nps 0
Engine: info depth 7
Engine: info multipv 1 depth 7 seldepth 10 score mate 1 time 6 nodes 1421 pv a3a2
Engine: info depth 7 seldepth 10 time 6 nodes 1469 nps 0
Engine: info depth 8
Engine: info multipv 1 depth 8 seldepth 10 score mate 1 time 6 nodes 1477 pv a3a2
Engine: info depth 8 seldepth 10 time 6 nodes 1525 nps 0
Engine: info depth 9
Engine: info multipv 1 depth 9 seldepth 10 score mate 1 time 6 nodes 1533 pv a3a2
Engine: info depth 9 seldepth 10 time 6 nodes 1581 nps 0
Engine: info depth 10
Engine: info multipv 1 depth 10 seldepth 10 score mate 1 time 6 nodes 1589 pv a3a2
Engine: info depth 10 seldepth 10 time 6 nodes 1637 nps 0
Engine: info depth 11
Engine: info multipv 1 depth 11 seldepth 10 score mate 1 time 6 nodes 1645 pv a3a2
Engine: info depth 11 seldepth 10 time 7 nodes 1693 nps 0
Engine: info depth 12
Engine: info multipv 1 depth 12 seldepth 10 score mate 1 time 7 nodes 1709 pv a3a2
Engine: info depth 12 seldepth 10 time 7 nodes 1757 nps 0
Engine: info depth 13
Engine: info multipv 1 depth 13 seldepth 10 score mate 1 time 7 nodes 1773 pv a3a2
Engine: info depth 13 seldepth 10 time 7 nodes 1821 nps 0
Engine: info depth 14
Engine: info multipv 1 depth 14 seldepth 10 score mate 1 time 7 nodes 1837 pv a3a2
Engine: info depth 14 seldepth 10 time 7 nodes 1885 nps 0
Engine: info depth 15
Engine: info multipv 1 depth 15 seldepth 10 score mate 1 time 7 nodes 1901 pv a3a2
Engine: info depth 15 seldepth 10 time 8 nodes 1949 nps 0
Engine: info depth 16
Engine: info multipv 1 depth 16 seldepth 10 score mate 1 time 8 nodes 1965 pv a3a2
Engine: info depth 16 seldepth 10 time 8 nodes 2013 nps 0
Engine: info depth 17
Engine: info multipv 1 depth 17 seldepth 10 score mate 1 time 8 nodes 2029 pv a3a2
Engine: info depth 17 seldepth 10 time 8 nodes 2077 nps 0
Engine: info depth 18
Engine: info multipv 1 depth 18 seldepth 10 score mate 1 time 8 nodes 2093 pv a3a2
Engine: info depth 18 seldepth 10 time 8 nodes 2141 nps 0
Engine: info depth 19
Engine: info multipv 1 depth 19 seldepth 10 score mate 1 time 8 nodes 2157 pv a3a2
Engine: info depth 19 seldepth 10 time 9 nodes 2205 nps 0
Engine: info depth 20
Engine: info multipv 1 depth 20 seldepth 10 score mate 1 time 9 nodes 2221 pv a3a2
Engine: info depth 20 seldepth 10 time 9 nodes 2269 nps 0
Engine: info depth 21
Engine: info multipv 1 depth 21 seldepth 10 score mate 1 time 9 nodes 2285 pv a3a2
Engine: info depth 21 seldepth 10 time 9 nodes 2333 nps 0
Engine: info depth 22
Engine: info multipv 1 depth 22 seldepth 10 score mate 1 time 9 nodes 2349 pv a3a2
Engine: info depth 22 seldepth 10 time 9 nodes 2397 nps 0
Engine: info depth 23
Engine: info multipv 1 depth 23 seldepth 10 score mate 1 time 10 nodes 2413 pv a3a2
Engine: info depth 23 seldepth 10 time 10 nodes 2461 nps 0
Engine: info depth 24
Engine: info multipv 1 depth 24 seldepth 10 score mate 1 time 10 nodes 2493 pv a3a2
Engine: info depth 24 seldepth 10 time 10 nodes 2541 nps 0
Engine: info depth 25
Engine: info multipv 1 depth 25 seldepth 10 score mate 1 time 10 nodes 2573 pv a3a2
Engine: info depth 25 seldepth 10 time 10 nodes 2621 nps 0
Engine: info depth 26
Engine: info multipv 1 depth 26 seldepth 10 score mate 1 time 10 nodes 2653 pv a3a2
Engine: info depth 26 seldepth 10 time 11 nodes 2701 nps 0
Engine: info depth 27
Engine: info multipv 1 depth 27 seldepth 10 score mate 1 time 11 nodes 2733 pv a3a2
Engine: info depth 27 seldepth 10 time 11 nodes 2781 nps 0
Engine: info depth 28
Engine: info multipv 1 depth 28 seldepth 10 score mate 1 time 11 nodes 2813 pv a3a2
Engine: info depth 28 seldepth 10 time 11 nodes 2861 nps 0
Engine: info depth 29
Engine: info multipv 1 depth 29 seldepth 10 score mate 1 time 11 nodes 2893 pv a3a2
Engine: info depth 29 seldepth 10 time 11 nodes 2941 nps 0
Engine: info depth 30
Engine: info multipv 1 depth 30 seldepth 10 score mate 1 time 11 nodes 2973 pv a3a2
Engine: info depth 30 seldepth 10 time 12 nodes 3021 nps 0
Engine: info depth 31
Engine: info multipv 1 depth 31 seldepth 10 score mate 1 time 12 nodes 3053 pv a3a2
Engine: info depth 31 seldepth 10 time 12 nodes 3101 nps 0
Engine: info depth 32
Engine: info multipv 1 depth 32 seldepth 10 score mate 1 time 12 nodes 3133 pv a3a2
Engine: info depth 32 seldepth 10 time 12 nodes 3181 nps 0
Engine: info depth 33
Engine: info multipv 1 depth 33 seldepth 10 score mate 1 time 12 nodes 3213 pv a3a2
Engine: info depth 33 seldepth 10 time 12 nodes 3261 nps 0
Engine: info depth 34
Engine: info multipv 1 depth 34 seldepth 10 score mate 1 time 13 nodes 3293 pv a3a2
Engine: info depth 34 seldepth 10 time 13 nodes 3341 nps 0
Engine: info depth 35
Engine: info multipv 1 depth 35 seldepth 10 score mate 1 time 13 nodes 3373 pv a3a2
Engine: info depth 35 seldepth 10 time 13 nodes 3421 nps 0
Engine: info depth 36
Engine: info multipv 1 depth 36 seldepth 10 score mate 1 time 13 nodes 3453 pv a3a2
Engine: info depth 36 seldepth 10 time 13 nodes 3501 nps 0
Engine: info depth 37
Engine: info multipv 1 depth 37 seldepth 10 score mate 1 time 13 nodes 3533 pv a3a2
Engine: info depth 37 seldepth 10 time 14 nodes 3581 nps 0
Engine: info depth 38
Engine: info multipv 1 depth 38 seldepth 10 score mate 1 time 14 nodes 3613 pv a3a2
Engine: info depth 38 seldepth 10 time 14 nodes 3661 nps 0
Engine: info depth 39
Engine: info multipv 1 depth 39 seldepth 10 score mate 1 time 14 nodes 3693 pv a3a2
Engine: info depth 39 seldepth 10 time 14 nodes 3741 nps 0
Engine: info depth 40
Engine: info multipv 1 depth 40 seldepth 10 score mate 1 time 14 nodes 3773 pv a3a2
Engine: info depth 40 seldepth 10 time 14 nodes 3821 nps 0
Engine: info depth 41
Engine: info multipv 1 depth 41 seldepth 10 score mate 1 time 15 nodes 3853 pv a3a2
Engine: info depth 41 seldepth 10 time 15 nodes 3901 nps 0
Engine: info depth 42
Engine: info multipv 1 depth 42 seldepth 10 score mate 1 time 15 nodes 3933 pv a3a2
Engine: info depth 42 seldepth 10 time 15 nodes 3981 nps 0
Engine: info depth 43
Engine: info multipv 1 depth 43 seldepth 10 score mate 1 time 15 nodes 4013 pv a3a2
Engine: info depth 43 seldepth 10 time 15 nodes 4061 nps 0
Engine: info depth 44
Engine: info multipv 1 depth 44 seldepth 10 score mate 1 time 15 nodes 4093 pv a3a2
Engine: info depth 44 seldepth 10 time 16 nodes 4141 nps 0
Engine: info depth 45
Engine: info multipv 1 depth 45 seldepth 10 score mate 1 time 16 nodes 4173 pv a3a2
Engine: info depth 45 seldepth 10 time 16 nodes 4221 nps 0
Engine: info depth 46
Engine: info multipv 1 depth 46 seldepth 10 score mate 1 time 16 nodes 4253 pv a3a2
Engine: info depth 46 seldepth 10 time 16 nodes 4301 nps 0
Engine: info depth 47
Engine: info multipv 1 depth 47 seldepth 10 score mate 1 time 16 nodes 4333 pv a3a2
Engine: info depth 47 seldepth 10 time 16 nodes 4381 nps 0
Engine: info depth 48
Engine: info multipv 1 depth 48 seldepth 10 score mate 1 time 17 nodes 4445 pv a3a2
Engine: info depth 48 seldepth 10 time 17 nodes 4493 nps 0
Engine: info depth 49
Engine: info multipv 1 depth 49 seldepth 10 score mate 1 time 17 nodes 4557 pv a3a2
Engine: info depth 49 seldepth 10 time 17 nodes 4605 nps 0
Engine: info depth 50
Engine: info multipv 1 depth 50 seldepth 10 score mate 1 time 17 nodes 4669 pv a3a2
Engine: info depth 50 seldepth 10 time 17 nodes 4717 nps 0
Engine: info depth 51
Engine: info multipv 1 depth 51 seldepth 10 score mate 1 time 18 nodes 4781 pv a3a2
Engine: info depth 51 seldepth 10 time 18 nodes 4829 nps 0
Engine: info depth 52
Engine: info multipv 1 depth 52 seldepth 10 score mate 1 time 18 nodes 4893 pv a3a2
Engine: info depth 52 seldepth 10 time 18 nodes 4941 nps 0
Engine: info depth 53
Engine: info multipv 1 depth 53 seldepth 10 score mate 1 time 18 nodes 5005 pv a3a2
Engine: info depth 53 seldepth 10 time 18 nodes 5053 nps 0
Engine: info depth 54
Engine: info multipv 1 depth 54 seldepth 10 score mate 1 time 18 nodes 5117 pv a3a2
Engine: info depth 54 seldepth 10 time 19 nodes 5165 nps 0
Engine: info depth 55
Engine: info multipv 1 depth 55 seldepth 10 score mate 1 time 19 nodes 5229 pv a3a2
Engine: info depth 55 seldepth 10 time 19 nodes 5277 nps 0
Engine: info depth 56
Engine: info multipv 1 depth 56 seldepth 10 score mate 1 time 19 nodes 5341 pv a3a2
Engine: info depth 56 seldepth 10 time 19 nodes 5389 nps 0
Engine: info depth 57
Engine: info multipv 1 depth 57 seldepth 10 score mate 1 time 19 nodes 5453 pv a3a2
Engine: info depth 57 seldepth 10 time 20 nodes 5501 nps 0
Engine: info depth 58
Engine: info multipv 1 depth 58 seldepth 10 score mate 1 time 20 nodes 5565 pv a3a2
Engine: info depth 58 seldepth 10 time 20 nodes 5613 nps 0
Engine: info depth 59
Engine: info multipv 1 depth 59 seldepth 10 score mate 1 time 20 nodes 5677 pv a3a2
Engine: info depth 59 seldepth 10 time 20 nodes 5725 nps 0
Engine: info depth 60
Engine: info multipv 1 depth 60 seldepth 10 score mate 1 time 20 nodes 5789 pv a3a2
Engine: info depth 60 seldepth 10 time 21 nodes 5837 nps 0
Engine: info depth 61
Engine: info multipv 1 depth 61 seldepth 10 score mate 1 time 21 nodes 5901 pv a3a2
Engine: info depth 61 seldepth 10 time 21 nodes 5949 nps 0
Engine: info depth 62
Engine: info multipv 1 depth 62 seldepth 10 score mate 1 time 21 nodes 6013 pv a3a2
Engine: info depth 62 seldepth 10 time 21 nodes 6061 nps 0
Engine: info depth 63
Engine: info multipv 1 depth 63 seldepth 10 score mate 1 time 21 nodes 6125 pv a3a2
Engine: info depth 63 seldepth 10 time 22 nodes 6173 nps 0
Scid  : stop
Engine: info time 22 nodes 6173 nps 0 cpuload 566
Engine: info hashfull 0
Engine: bestmove a3a2
